{"/Users/yonatangross/coding/projects/orchestkit/orchestkit-demos/src/constants.ts": {"path":"/Users/yonatangross/coding/projects/orchestkit/orchestkit-demos/src/constants.ts","statementMap":{"0":{"start":{"line":8,"column":32},"end":{"line":13,"column":null}},"1":{"start":{"line":18,"column":28},"end":{"line":24,"column":null}},"2":{"start":{"line":29,"column":22},"end":{"line":39,"column":null}}},"fnMap":{},"branchMap":{},"s":{"0":1,"1":1,"2":1},"f":{},"b":{},"meta":{"lastBranch":0,"lastFunction":0,"lastStatement":3,"seen":{"s:8:32:13:Infinity":0,"s:18:28:24:Infinity":1,"s:29:22:39:Infinity":2}}}
,"/Users/yonatangross/coding/projects/orchestkit/orchestkit-demos/src/components/CinematicDemo.tsx": {"path":"/Users/yonatangross/coding/projects/orchestkit/orchestkit-demos/src/components/CinematicDemo.tsx","statementMap":{"0":{"start":{"line":19,"column":35},"end":{"line":54,"column":null}},"1":{"start":{"line":58,"column":59},"end":{"line":223,"column":null}},"2":{"start":{"line":78,"column":32},"end":{"line":78,"column":null}},"3":{"start":{"line":79,"column":8},"end":{"line":79,"column":null}},"4":{"start":{"line":82,"column":20},"end":{"line":82,"column":null}},"5":{"start":{"line":83,"column":23},"end":{"line":83,"column":null}},"6":{"start":{"line":84,"column":21},"end":{"line":84,"column":null}},"7":{"start":{"line":85,"column":24},"end":{"line":85,"column":null}},"8":{"start":{"line":86,"column":23},"end":{"line":86,"column":null}},"9":{"start":{"line":87,"column":19},"end":{"line":87,"column":null}},"10":{"start":{"line":90,"column":29},"end":{"line":90,"column":null}},"11":{"start":{"line":92,"column":2},"end":{"line":221,"column":null}},"12":{"start":{"line":100,"column":27},"end":{"line":100,"column":null}},"13":{"start":{"line":101,"column":28},"end":{"line":101,"column":null}},"14":{"start":{"line":102,"column":12},"end":{"line":102,"column":null}},"15":{"start":{"line":225,"column":28},"end":{"line":250,"column":null}},"16":{"start":{"line":226,"column":2},"end":{"line":248,"column":null}},"17":{"start":{"line":252,"column":74},"end":{"line":276,"column":null}},"18":{"start":{"line":256,"column":2},"end":{"line":274,"column":null}}},"fnMap":{"0":{"name":"(anonymous_0)","decl":{"start":{"line":58,"column":59},"end":{"line":58,"column":60}},"loc":{"start":{"line":77,"column":6},"end":{"line":223,"column":null}},"line":77},"1":{"name":"(anonymous_1)","decl":{"start":{"line":98,"column":18},"end":{"line":98,"column":19}},"loc":{"start":{"line":98,"column":25},"end":{"line":103,"column":null}},"line":98},"2":{"name":"(anonymous_2)","decl":{"start":{"line":225,"column":28},"end":{"line":225,"column":34}},"loc":{"start":{"line":225,"column":34},"end":{"line":250,"column":null}},"line":225},"3":{"name":"(anonymous_3)","decl":{"start":{"line":252,"column":74},"end":{"line":252,"column":75}},"loc":{"start":{"line":255,"column":6},"end":{"line":276,"column":null}},"line":255}},"branchMap":{"0":{"loc":{"start":{"line":64,"column":2},"end":{"line":64,"column":null}},"type":"default-arg","locations":[{"start":{"line":64,"column":14},"end":{"line":64,"column":null}}],"line":64},"1":{"loc":{"start":{"line":95,"column":7},"end":{"line":104,"column":null}},"type":"binary-expr","locations":[{"start":{"line":95,"column":7},"end":{"line":95,"column":null}},{"start":{"line":96,"column":8},"end":{"line":104,"column":null}}],"line":95},"2":{"loc":{"start":{"line":142,"column":9},"end":{"line":153,"column":null}},"type":"cond-expr","locations":[{"start":{"line":143,"column":10},"end":{"line":147,"column":null}},{"start":{"line":149,"column":10},"end":{"line":153,"column":null}}],"line":142},"3":{"loc":{"start":{"line":209,"column":7},"end":{"line":210,"column":null}},"type":"binary-expr","locations":[{"start":{"line":209,"column":7},"end":{"line":209,"column":29}},{"start":{"line":209,"column":29},"end":{"line":209,"column":50}},{"start":{"line":209,"column":50},"end":{"line":209,"column":null}},{"start":{"line":210,"column":8},"end":{"line":210,"column":null}}],"line":209}},"s":{"0":1,"1":1,"2":0,"3":0,"4":0,"5":0,"6":0,"7":0,"8":0,"9":0,"10":0,"11":0,"12":0,"13":0,"14":0,"15":1,"16":0,"17":1,"18":0},"f":{"0":0,"1":0,"2":0,"3":0},"b":{"0":[0],"1":[0,0],"2":[0,0],"3":[0,0,0,0]},"meta":{"lastBranch":4,"lastFunction":4,"lastStatement":19,"seen":{"s:19:35:54:Infinity":0,"s:58:59:223:Infinity":1,"f:58:59:58:60":0,"b:64:14:64:Infinity":0,"s:78:32:78:Infinity":2,"s:79:8:79:Infinity":3,"s:82:20:82:Infinity":4,"s:83:23:83:Infinity":5,"s:84:21:84:Infinity":6,"s:85:24:85:Infinity":7,"s:86:23:86:Infinity":8,"s:87:19:87:Infinity":9,"s:90:29:90:Infinity":10,"s:92:2:221:Infinity":11,"b:95:7:95:Infinity:96:8:104:Infinity":1,"f:98:18:98:19":1,"s:100:27:100:Infinity":12,"s:101:28:101:Infinity":13,"s:102:12:102:Infinity":14,"b:143:10:147:Infinity:149:10:153:Infinity":2,"b:209:7:209:29:209:29:209:50:209:50:209:Infinity:210:8:210:Infinity":3,"s:225:28:250:Infinity":15,"f:225:28:225:34":2,"s:226:2:248:Infinity":16,"s:252:74:276:Infinity":17,"f:252:74:252:75":3,"s:256:2:274:Infinity":18}}}
,"/Users/yonatangross/coding/projects/orchestkit/orchestkit-demos/src/components/CinematicVerticalDemo.tsx": {"path":"/Users/yonatangross/coding/projects/orchestkit/orchestkit-demos/src/components/CinematicVerticalDemo.tsx","statementMap":{"0":{"start":{"line":14,"column":43},"end":{"line":39,"column":null}},"1":{"start":{"line":43,"column":75},"end":{"line":158,"column":null}},"2":{"start":{"line":62,"column":32},"end":{"line":62,"column":null}},"3":{"start":{"line":63,"column":8},"end":{"line":63,"column":null}},"4":{"start":{"line":66,"column":20},"end":{"line":66,"column":null}},"5":{"start":{"line":67,"column":23},"end":{"line":67,"column":null}},"6":{"start":{"line":68,"column":24},"end":{"line":68,"column":null}},"7":{"start":{"line":69,"column":23},"end":{"line":69,"column":null}},"8":{"start":{"line":70,"column":19},"end":{"line":70,"column":null}},"9":{"start":{"line":72,"column":2},"end":{"line":156,"column":null}},"10":{"start":{"line":79,"column":27},"end":{"line":79,"column":null}},"11":{"start":{"line":80,"column":28},"end":{"line":80,"column":null}},"12":{"start":{"line":81,"column":12},"end":{"line":81,"column":null}},"13":{"start":{"line":166,"column":5},"end":{"line":236,"column":null}},"14":{"start":{"line":167,"column":8},"end":{"line":167,"column":null}},"15":{"start":{"line":169,"column":2},"end":{"line":234,"column":null}},"16":{"start":{"line":238,"column":63},"end":{"line":314,"column":null}},"17":{"start":{"line":241,"column":8},"end":{"line":241,"column":null}},"18":{"start":{"line":243,"column":2},"end":{"line":312,"column":null}},"19":{"start":{"line":273,"column":10},"end":{"line":309,"column":null}},"20":{"start":{"line":320,"column":5},"end":{"line":373,"column":null}},"21":{"start":{"line":321,"column":8},"end":{"line":321,"column":null}},"22":{"start":{"line":323,"column":2},"end":{"line":371,"column":null}},"23":{"start":{"line":379,"column":5},"end":{"line":477,"column":null}},"24":{"start":{"line":380,"column":8},"end":{"line":380,"column":null}},"25":{"start":{"line":382,"column":2},"end":{"line":475,"column":null}},"26":{"start":{"line":479,"column":61},"end":{"line":534,"column":null}},"27":{"start":{"line":482,"column":8},"end":{"line":482,"column":null}},"28":{"start":{"line":483,"column":16},"end":{"line":483,"column":null}},"29":{"start":{"line":485,"column":2},"end":{"line":532,"column":null}},"30":{"start":{"line":536,"column":36},"end":{"line":549,"column":null}},"31":{"start":{"line":537,"column":2},"end":{"line":549,"column":null}},"32":{"start":{"line":555,"column":5},"end":{"line":573,"column":null}},"33":{"start":{"line":556,"column":2},"end":{"line":573,"column":null}}},"fnMap":{"0":{"name":"(anonymous_0)","decl":{"start":{"line":43,"column":75},"end":{"line":43,"column":76}},"loc":{"start":{"line":61,"column":6},"end":{"line":158,"column":null}},"line":61},"1":{"name":"(anonymous_1)","decl":{"start":{"line":78,"column":18},"end":{"line":78,"column":19}},"loc":{"start":{"line":78,"column":25},"end":{"line":82,"column":null}},"line":78},"2":{"name":"(anonymous_2)","decl":{"start":{"line":166,"column":5},"end":{"line":166,"column":6}},"loc":{"start":{"line":166,"column":55},"end":{"line":236,"column":null}},"line":166},"3":{"name":"(anonymous_3)","decl":{"start":{"line":238,"column":63},"end":{"line":238,"column":64}},"loc":{"start":{"line":240,"column":6},"end":{"line":314,"column":null}},"line":240},"4":{"name":"(anonymous_4)","decl":{"start":{"line":272,"column":22},"end":{"line":272,"column":23}},"loc":{"start":{"line":273,"column":10},"end":{"line":309,"column":null}},"line":273},"5":{"name":"(anonymous_5)","decl":{"start":{"line":320,"column":5},"end":{"line":320,"column":6}},"loc":{"start":{"line":320,"column":49},"end":{"line":373,"column":null}},"line":320},"6":{"name":"(anonymous_6)","decl":{"start":{"line":379,"column":5},"end":{"line":379,"column":6}},"loc":{"start":{"line":379,"column":28},"end":{"line":477,"column":null}},"line":379},"7":{"name":"(anonymous_7)","decl":{"start":{"line":479,"column":61},"end":{"line":479,"column":62}},"loc":{"start":{"line":481,"column":6},"end":{"line":534,"column":null}},"line":481},"8":{"name":"(anonymous_8)","decl":{"start":{"line":536,"column":36},"end":{"line":536,"column":null}},"loc":{"start":{"line":537,"column":2},"end":{"line":549,"column":null}},"line":537},"9":{"name":"(anonymous_9)","decl":{"start":{"line":555,"column":5},"end":{"line":555,"column":6}},"loc":{"start":{"line":556,"column":2},"end":{"line":573,"column":null}},"line":556}},"branchMap":{"0":{"loc":{"start":{"line":75,"column":7},"end":{"line":83,"column":null}},"type":"binary-expr","locations":[{"start":{"line":75,"column":7},"end":{"line":75,"column":null}},{"start":{"line":76,"column":8},"end":{"line":83,"column":null}}],"line":75}},"s":{"0":1,"1":1,"2":0,"3":0,"4":0,"5":0,"6":0,"7":0,"8":0,"9":0,"10":0,"11":0,"12":0,"13":1,"14":0,"15":0,"16":1,"17":0,"18":0,"19":0,"20":1,"21":0,"22":0,"23":1,"24":0,"25":0,"26":1,"27":0,"28":0,"29":0,"30":1,"31":0,"32":1,"33":0},"f":{"0":0,"1":0,"2":0,"3":0,"4":0,"5":0,"6":0,"7":0,"8":0,"9":0},"b":{"0":[0,0]},"meta":{"lastBranch":1,"lastFunction":10,"lastStatement":34,"seen":{"s:14:43:39:Infinity":0,"s:43:75:158:Infinity":1,"f:43:75:43:76":0,"s:62:32:62:Infinity":2,"s:63:8:63:Infinity":3,"s:66:20:66:Infinity":4,"s:67:23:67:Infinity":5,"s:68:24:68:Infinity":6,"s:69:23:69:Infinity":7,"s:70:19:70:Infinity":8,"s:72:2:156:Infinity":9,"b:75:7:75:Infinity:76:8:83:Infinity":0,"f:78:18:78:19":1,"s:79:27:79:Infinity":10,"s:80:28:80:Infinity":11,"s:81:12:81:Infinity":12,"s:166:5:236:Infinity":13,"f:166:5:166:6":2,"s:167:8:167:Infinity":14,"s:169:2:234:Infinity":15,"s:238:63:314:Infinity":16,"f:238:63:238:64":3,"s:241:8:241:Infinity":17,"s:243:2:312:Infinity":18,"f:272:22:272:23":4,"s:273:10:309:Infinity":19,"s:320:5:373:Infinity":20,"f:320:5:320:6":5,"s:321:8:321:Infinity":21,"s:323:2:371:Infinity":22,"s:379:5:477:Infinity":23,"f:379:5:379:6":6,"s:380:8:380:Infinity":24,"s:382:2:475:Infinity":25,"s:479:61:534:Infinity":26,"f:479:61:479:62":7,"s:482:8:482:Infinity":27,"s:483:16:483:Infinity":28,"s:485:2:532:Infinity":29,"s:536:36:549:Infinity":30,"f:536:36:536:Infinity":8,"s:537:2:549:Infinity":31,"s:555:5:573:Infinity":32,"f:555:5:555:6":9,"s:556:2:573:Infinity":33}}}
,"/Users/yonatangross/coding/projects/orchestkit/orchestkit-demos/src/components/HybridDemo.tsx": {"path":"/Users/yonatangross/coding/projects/orchestkit/orchestkit-demos/src/components/HybridDemo.tsx","statementMap":{"0":{"start":{"line":14,"column":32},"end":{"line":28,"column":null}},"1":{"start":{"line":32,"column":53},"end":{"line":157,"column":null}},"2":{"start":{"line":46,"column":32},"end":{"line":46,"column":null}},"3":{"start":{"line":47,"column":8},"end":{"line":47,"column":null}},"4":{"start":{"line":49,"column":18},"end":{"line":49,"column":null}},"5":{"start":{"line":51,"column":19},"end":{"line":51,"column":null}},"6":{"start":{"line":54,"column":22},"end":{"line":58,"column":null}},"7":{"start":{"line":61,"column":22},"end":{"line":63,"column":null}},"8":{"start":{"line":66,"column":8},"end":{"line":71,"column":null}},"9":{"start":{"line":73,"column":2},"end":{"line":155,"column":null}},"10":{"start":{"line":81,"column":27},"end":{"line":81,"column":null}},"11":{"start":{"line":82,"column":28},"end":{"line":82,"column":null}},"12":{"start":{"line":83,"column":12},"end":{"line":83,"column":null}},"13":{"start":{"line":165,"column":5},"end":{"line":217,"column":null}},"14":{"start":{"line":166,"column":8},"end":{"line":166,"column":null}},"15":{"start":{"line":167,"column":14},"end":{"line":167,"column":null}},"16":{"start":{"line":169,"column":8},"end":{"line":169,"column":null}},"17":{"start":{"line":171,"column":2},"end":{"line":215,"column":null}},"18":{"start":{"line":223,"column":5},"end":{"line":278,"column":null}},"19":{"start":{"line":224,"column":8},"end":{"line":224,"column":null}},"20":{"start":{"line":225,"column":14},"end":{"line":225,"column":null}},"21":{"start":{"line":227,"column":8},"end":{"line":231,"column":null}},"22":{"start":{"line":234,"column":16},"end":{"line":234,"column":null}},"23":{"start":{"line":236,"column":2},"end":{"line":276,"column":null}},"24":{"start":{"line":280,"column":28},"end":{"line":305,"column":null}},"25":{"start":{"line":281,"column":2},"end":{"line":303,"column":null}},"26":{"start":{"line":307,"column":74},"end":{"line":331,"column":null}},"27":{"start":{"line":311,"column":2},"end":{"line":329,"column":null}}},"fnMap":{"0":{"name":"(anonymous_0)","decl":{"start":{"line":32,"column":53},"end":{"line":32,"column":54}},"loc":{"start":{"line":45,"column":6},"end":{"line":157,"column":null}},"line":45},"1":{"name":"(anonymous_1)","decl":{"start":{"line":79,"column":18},"end":{"line":79,"column":19}},"loc":{"start":{"line":79,"column":25},"end":{"line":84,"column":null}},"line":79},"2":{"name":"(anonymous_2)","decl":{"start":{"line":165,"column":5},"end":{"line":165,"column":6}},"loc":{"start":{"line":165,"column":64},"end":{"line":217,"column":null}},"line":165},"3":{"name":"(anonymous_3)","decl":{"start":{"line":223,"column":5},"end":{"line":223,"column":6}},"loc":{"start":{"line":223,"column":48},"end":{"line":278,"column":null}},"line":223},"4":{"name":"(anonymous_4)","decl":{"start":{"line":280,"column":28},"end":{"line":280,"column":34}},"loc":{"start":{"line":280,"column":34},"end":{"line":305,"column":null}},"line":280},"5":{"name":"(anonymous_5)","decl":{"start":{"line":307,"column":74},"end":{"line":307,"column":75}},"loc":{"start":{"line":310,"column":6},"end":{"line":331,"column":null}},"line":310}},"branchMap":{"0":{"loc":{"start":{"line":49,"column":18},"end":{"line":49,"column":null}},"type":"cond-expr","locations":[{"start":{"line":49,"column":29},"end":{"line":49,"column":44}},{"start":{"line":49,"column":44},"end":{"line":49,"column":null}}],"line":49},"1":{"loc":{"start":{"line":51,"column":19},"end":{"line":51,"column":null}},"type":"cond-expr","locations":[{"start":{"line":51,"column":29},"end":{"line":51,"column":67}},{"start":{"line":51,"column":67},"end":{"line":51,"column":null}}],"line":51},"2":{"loc":{"start":{"line":54,"column":22},"end":{"line":58,"column":null}},"type":"cond-expr","locations":[{"start":{"line":55,"column":6},"end":{"line":57,"column":null}},{"start":{"line":58,"column":6},"end":{"line":58,"column":null}}],"line":54},"3":{"loc":{"start":{"line":55,"column":6},"end":{"line":57,"column":null}},"type":"cond-expr","locations":[{"start":{"line":56,"column":8},"end":{"line":56,"column":null}},{"start":{"line":57,"column":8},"end":{"line":57,"column":null}}],"line":55},"4":{"loc":{"start":{"line":61,"column":22},"end":{"line":63,"column":null}},"type":"cond-expr","locations":[{"start":{"line":62,"column":6},"end":{"line":62,"column":null}},{"start":{"line":63,"column":6},"end":{"line":63,"column":null}}],"line":61},"5":{"loc":{"start":{"line":76,"column":7},"end":{"line":85,"column":null}},"type":"binary-expr","locations":[{"start":{"line":76,"column":7},"end":{"line":76,"column":null}},{"start":{"line":77,"column":8},"end":{"line":85,"column":null}}],"line":76},"6":{"loc":{"start":{"line":89,"column":7},"end":{"line":90,"column":null}},"type":"binary-expr","locations":[{"start":{"line":89,"column":7},"end":{"line":89,"column":29}},{"start":{"line":89,"column":29},"end":{"line":89,"column":40}},{"start":{"line":89,"column":40},"end":{"line":89,"column":61}},{"start":{"line":89,"column":61},"end":{"line":89,"column":null}},{"start":{"line":90,"column":8},"end":{"line":90,"column":null}}],"line":89},"7":{"loc":{"start":{"line":121,"column":7},"end":{"line":128,"column":null}},"type":"binary-expr","locations":[{"start":{"line":121,"column":7},"end":{"line":121,"column":19}},{"start":{"line":121,"column":19},"end":{"line":121,"column":null}},{"start":{"line":122,"column":8},"end":{"line":128,"column":null}}],"line":121},"8":{"loc":{"start":{"line":132,"column":7},"end":{"line":138,"column":null}},"type":"binary-expr","locations":[{"start":{"line":132,"column":7},"end":{"line":132,"column":18}},{"start":{"line":132,"column":18},"end":{"line":132,"column":null}},{"start":{"line":133,"column":8},"end":{"line":138,"column":null}}],"line":132},"9":{"loc":{"start":{"line":142,"column":7},"end":{"line":147,"column":null}},"type":"binary-expr","locations":[{"start":{"line":142,"column":7},"end":{"line":142,"column":18}},{"start":{"line":142,"column":18},"end":{"line":142,"column":null}},{"start":{"line":143,"column":8},"end":{"line":147,"column":null}}],"line":142}},"s":{"0":1,"1":1,"2":0,"3":0,"4":0,"5":0,"6":0,"7":0,"8":0,"9":0,"10":0,"11":0,"12":0,"13":1,"14":0,"15":0,"16":0,"17":0,"18":1,"19":0,"20":0,"21":0,"22":0,"23":0,"24":1,"25":0,"26":1,"27":0},"f":{"0":0,"1":0,"2":0,"3":0,"4":0,"5":0},"b":{"0":[0,0],"1":[0,0],"2":[0,0],"3":[0,0],"4":[0,0],"5":[0,0],"6":[0,0,0,0,0],"7":[0,0,0],"8":[0,0,0],"9":[0,0,0]},"meta":{"lastBranch":10,"lastFunction":6,"lastStatement":28,"seen":{"s:14:32:28:Infinity":0,"s:32:53:157:Infinity":1,"f:32:53:32:54":0,"s:46:32:46:Infinity":2,"s:47:8:47:Infinity":3,"s:49:18:49:Infinity":4,"b:49:29:49:44:49:44:49:Infinity":0,"s:51:19:51:Infinity":5,"b:51:29:51:67:51:67:51:Infinity":1,"s:54:22:58:Infinity":6,"b:55:6:57:Infinity:58:6:58:Infinity":2,"b:56:8:56:Infinity:57:8:57:Infinity":3,"s:61:22:63:Infinity":7,"b:62:6:62:Infinity:63:6:63:Infinity":4,"s:66:8:71:Infinity":8,"s:73:2:155:Infinity":9,"b:76:7:76:Infinity:77:8:85:Infinity":5,"f:79:18:79:19":1,"s:81:27:81:Infinity":10,"s:82:28:82:Infinity":11,"s:83:12:83:Infinity":12,"b:89:7:89:29:89:29:89:40:89:40:89:61:89:61:89:Infinity:90:8:90:Infinity":6,"b:121:7:121:19:121:19:121:Infinity:122:8:128:Infinity":7,"b:132:7:132:18:132:18:132:Infinity:133:8:138:Infinity":8,"b:142:7:142:18:142:18:142:Infinity:143:8:147:Infinity":9,"s:165:5:217:Infinity":13,"f:165:5:165:6":2,"s:166:8:166:Infinity":14,"s:167:14:167:Infinity":15,"s:169:8:169:Infinity":16,"s:171:2:215:Infinity":17,"s:223:5:278:Infinity":18,"f:223:5:223:6":3,"s:224:8:224:Infinity":19,"s:225:14:225:Infinity":20,"s:227:8:231:Infinity":21,"s:234:16:234:Infinity":22,"s:236:2:276:Infinity":23,"s:280:28:305:Infinity":24,"f:280:28:280:34":4,"s:281:2:303:Infinity":25,"s:307:74:331:Infinity":26,"f:307:74:307:75":5,"s:311:2:329:Infinity":27}}}
,"/Users/yonatangross/coding/projects/orchestkit/orchestkit-demos/src/components/MarketplaceIntro.tsx": {"path":"/Users/yonatangross/coding/projects/orchestkit/orchestkit-demos/src/components/MarketplaceIntro.tsx","statementMap":{"0":{"start":{"line":37,"column":38},"end":{"line":41,"column":null}},"1":{"start":{"line":46,"column":21},"end":{"line":70,"column":null}},"2":{"start":{"line":73,"column":26},"end":{"line":73,"column":null}},"3":{"start":{"line":75,"column":65},"end":{"line":272,"column":null}},"4":{"start":{"line":80,"column":8},"end":{"line":80,"column":null}},"5":{"start":{"line":81,"column":32},"end":{"line":81,"column":null}},"6":{"start":{"line":84,"column":22},"end":{"line":84,"column":null}},"7":{"start":{"line":85,"column":22},"end":{"line":85,"column":null}},"8":{"start":{"line":86,"column":22},"end":{"line":86,"column":null}},"9":{"start":{"line":87,"column":22},"end":{"line":87,"column":null}},"10":{"start":{"line":88,"column":22},"end":{"line":88,"column":null}},"11":{"start":{"line":91,"column":19},"end":{"line":91,"column":null}},"12":{"start":{"line":93,"column":2},"end":{"line":270,"column":null}},"13":{"start":{"line":287,"column":41},"end":{"line":376,"column":null}},"14":{"start":{"line":294,"column":8},"end":{"line":298,"column":null}},"15":{"start":{"line":300,"column":8},"end":{"line":302,"column":null}},"16":{"start":{"line":304,"column":8},"end":{"line":307,"column":null}},"17":{"start":{"line":309,"column":8},"end":{"line":312,"column":null}},"18":{"start":{"line":314,"column":2},"end":{"line":374,"column":null}},"19":{"start":{"line":379,"column":41},"end":{"line":538,"column":null}},"20":{"start":{"line":386,"column":16},"end":{"line":391,"column":null}},"21":{"start":{"line":394,"column":8},"end":{"line":398,"column":null}},"22":{"start":{"line":400,"column":2},"end":{"line":536,"column":null}},"23":{"start":{"line":445,"column":24},"end":{"line":445,"column":null}},"24":{"start":{"line":446,"column":16},"end":{"line":450,"column":null}},"25":{"start":{"line":453,"column":31},"end":{"line":453,"column":null}},"26":{"start":{"line":454,"column":29},"end":{"line":454,"column":null}},"27":{"start":{"line":455,"column":16},"end":{"line":458,"column":null}},"28":{"start":{"line":459,"column":29},"end":{"line":459,"column":null}},"29":{"start":{"line":460,"column":30},"end":{"line":460,"column":null}},"30":{"start":{"line":462,"column":10},"end":{"line":514,"column":null}},"31":{"start":{"line":527,"column":34},"end":{"line":527,"column":85}},"32":{"start":{"line":541,"column":93},"end":{"line":695,"column":null}},"33":{"start":{"line":547,"column":8},"end":{"line":547,"column":null}},"34":{"start":{"line":548,"column":8},"end":{"line":548,"column":null}},"35":{"start":{"line":551,"column":8},"end":{"line":555,"column":null}},"36":{"start":{"line":557,"column":2},"end":{"line":693,"column":null}},"37":{"start":{"line":607,"column":24},"end":{"line":607,"column":null}},"38":{"start":{"line":608,"column":16},"end":{"line":612,"column":null}},"39":{"start":{"line":614,"column":10},"end":{"line":674,"column":null}},"40":{"start":{"line":698,"column":87},"end":{"line":797,"column":null}},"41":{"start":{"line":704,"column":8},"end":{"line":704,"column":null}},"42":{"start":{"line":707,"column":18},"end":{"line":707,"column":null}},"43":{"start":{"line":709,"column":2},"end":{"line":795,"column":null}},"44":{"start":{"line":746,"column":22},"end":{"line":746,"column":null}},"45":{"start":{"line":747,"column":22},"end":{"line":747,"column":null}},"46":{"start":{"line":748,"column":24},"end":{"line":748,"column":null}},"47":{"start":{"line":750,"column":16},"end":{"line":754,"column":null}},"48":{"start":{"line":756,"column":10},"end":{"line":791,"column":null}},"49":{"start":{"line":800,"column":44},"end":{"line":956,"column":null}},"50":{"start":{"line":805,"column":8},"end":{"line":805,"column":null}},"51":{"start":{"line":806,"column":8},"end":{"line":806,"column":null}},"52":{"start":{"line":807,"column":8},"end":{"line":807,"column":null}},"53":{"start":{"line":808,"column":8},"end":{"line":808,"column":null}},"54":{"start":{"line":810,"column":2},"end":{"line":954,"column":null}},"55":{"start":{"line":959,"column":39},"end":{"line":1073,"column":null}},"56":{"start":{"line":966,"column":8},"end":{"line":970,"column":null}},"57":{"start":{"line":972,"column":8},"end":{"line":972,"column":null}},"58":{"start":{"line":973,"column":8},"end":{"line":973,"column":null}},"59":{"start":{"line":976,"column":24},"end":{"line":980,"column":null}},"60":{"start":{"line":976,"column":25},"end":{"line":980,"column":null}},"61":{"start":{"line":983,"column":18},"end":{"line":985,"column":null}},"62":{"start":{"line":987,"column":2},"end":{"line":1071,"column":null}},"63":{"start":{"line":1048,"column":31},"end":{"line":1048,"column":null}},"64":{"start":{"line":1049,"column":10},"end":{"line":1067,"column":null}}},"fnMap":{"0":{"name":"(anonymous_0)","decl":{"start":{"line":75,"column":65},"end":{"line":75,"column":66}},"loc":{"start":{"line":79,"column":6},"end":{"line":272,"column":null}},"line":79},"1":{"name":"(anonymous_1)","decl":{"start":{"line":287,"column":41},"end":{"line":287,"column":42}},"loc":{"start":{"line":293,"column":6},"end":{"line":376,"column":null}},"line":293},"2":{"name":"(anonymous_2)","decl":{"start":{"line":379,"column":41},"end":{"line":379,"column":42}},"loc":{"start":{"line":385,"column":6},"end":{"line":538,"column":null}},"line":385},"3":{"name":"(anonymous_3)","decl":{"start":{"line":444,"column":19},"end":{"line":444,"column":20}},"loc":{"start":{"line":444,"column":32},"end":{"line":516,"column":9}},"line":444},"4":{"name":"(anonymous_4)","decl":{"start":{"line":527,"column":26},"end":{"line":527,"column":27}},"loc":{"start":{"line":527,"column":34},"end":{"line":527,"column":85}},"line":527},"5":{"name":"(anonymous_5)","decl":{"start":{"line":541,"column":93},"end":{"line":541,"column":94}},"loc":{"start":{"line":546,"column":6},"end":{"line":695,"column":null}},"line":546},"6":{"name":"(anonymous_6)","decl":{"start":{"line":606,"column":22},"end":{"line":606,"column":23}},"loc":{"start":{"line":606,"column":34},"end":{"line":676,"column":9}},"line":606},"7":{"name":"(anonymous_7)","decl":{"start":{"line":698,"column":87},"end":{"line":698,"column":88}},"loc":{"start":{"line":703,"column":6},"end":{"line":797,"column":null}},"line":703},"8":{"name":"(anonymous_8)","decl":{"start":{"line":744,"column":22},"end":{"line":744,"column":23}},"loc":{"start":{"line":744,"column":34},"end":{"line":793,"column":9}},"line":744},"9":{"name":"(anonymous_9)","decl":{"start":{"line":800,"column":44},"end":{"line":800,"column":45}},"loc":{"start":{"line":804,"column":6},"end":{"line":956,"column":null}},"line":804},"10":{"name":"(anonymous_10)","decl":{"start":{"line":959,"column":39},"end":{"line":959,"column":40}},"loc":{"start":{"line":964,"column":6},"end":{"line":1073,"column":null}},"line":964},"11":{"name":"(anonymous_11)","decl":{"start":{"line":976,"column":24},"end":{"line":976,"column":25}},"loc":{"start":{"line":976,"column":25},"end":{"line":980,"column":null}},"line":976},"12":{"name":"(anonymous_12)","decl":{"start":{"line":1047,"column":54},"end":{"line":1047,"column":55}},"loc":{"start":{"line":1047,"column":67},"end":{"line":1069,"column":9}},"line":1047}},"branchMap":{"0":{"loc":{"start":{"line":493,"column":17},"end":{"line":499,"column":null}},"type":"binary-expr","locations":[{"start":{"line":493,"column":17},"end":{"line":493,"column":null}},{"start":{"line":494,"column":18},"end":{"line":499,"column":null}}],"line":493},"1":{"loc":{"start":{"line":983,"column":18},"end":{"line":985,"column":null}},"type":"cond-expr","locations":[{"start":{"line":983,"column":26},"end":{"line":984,"column":null}},{"start":{"line":985,"column":6},"end":{"line":985,"column":null}}],"line":983}},"s":{"0":1,"1":1,"2":1,"3":1,"4":0,"5":0,"6":0,"7":0,"8":0,"9":0,"10":0,"11":0,"12":0,"13":1,"14":0,"15":0,"16":0,"17":0,"18":0,"19":1,"20":0,"21":0,"22":0,"23":0,"24":0,"25":0,"26":0,"27":0,"28":0,"29":0,"30":0,"31":0,"32":1,"33":0,"34":0,"35":0,"36":0,"37":0,"38":0,"39":0,"40":1,"41":0,"42":0,"43":0,"44":0,"45":0,"46":0,"47":0,"48":0,"49":1,"50":0,"51":0,"52":0,"53":0,"54":0,"55":1,"56":0,"57":0,"58":0,"59":0,"60":0,"61":0,"62":0,"63":0,"64":0},"f":{"0":0,"1":0,"2":0,"3":0,"4":0,"5":0,"6":0,"7":0,"8":0,"9":0,"10":0,"11":0,"12":0},"b":{"0":[0,0],"1":[0,0]},"meta":{"lastBranch":2,"lastFunction":13,"lastStatement":65,"seen":{"s:37:38:41:Infinity":0,"s:46:21:70:Infinity":1,"s:73:26:73:Infinity":2,"s:75:65:272:Infinity":3,"f:75:65:75:66":0,"s:80:8:80:Infinity":4,"s:81:32:81:Infinity":5,"s:84:22:84:Infinity":6,"s:85:22:85:Infinity":7,"s:86:22:86:Infinity":8,"s:87:22:87:Infinity":9,"s:88:22:88:Infinity":10,"s:91:19:91:Infinity":11,"s:93:2:270:Infinity":12,"s:287:41:376:Infinity":13,"f:287:41:287:42":1,"s:294:8:298:Infinity":14,"s:300:8:302:Infinity":15,"s:304:8:307:Infinity":16,"s:309:8:312:Infinity":17,"s:314:2:374:Infinity":18,"s:379:41:538:Infinity":19,"f:379:41:379:42":2,"s:386:16:391:Infinity":20,"s:394:8:398:Infinity":21,"s:400:2:536:Infinity":22,"f:444:19:444:20":3,"s:445:24:445:Infinity":23,"s:446:16:450:Infinity":24,"s:453:31:453:Infinity":25,"s:454:29:454:Infinity":26,"s:455:16:458:Infinity":27,"s:459:29:459:Infinity":28,"s:460:30:460:Infinity":29,"s:462:10:514:Infinity":30,"b:493:17:493:Infinity:494:18:499:Infinity":0,"f:527:26:527:27":4,"s:527:34:527:85":31,"s:541:93:695:Infinity":32,"f:541:93:541:94":5,"s:547:8:547:Infinity":33,"s:548:8:548:Infinity":34,"s:551:8:555:Infinity":35,"s:557:2:693:Infinity":36,"f:606:22:606:23":6,"s:607:24:607:Infinity":37,"s:608:16:612:Infinity":38,"s:614:10:674:Infinity":39,"s:698:87:797:Infinity":40,"f:698:87:698:88":7,"s:704:8:704:Infinity":41,"s:707:18:707:Infinity":42,"s:709:2:795:Infinity":43,"f:744:22:744:23":8,"s:746:22:746:Infinity":44,"s:747:22:747:Infinity":45,"s:748:24:748:Infinity":46,"s:750:16:754:Infinity":47,"s:756:10:791:Infinity":48,"s:800:44:956:Infinity":49,"f:800:44:800:45":9,"s:805:8:805:Infinity":50,"s:806:8:806:Infinity":51,"s:807:8:807:Infinity":52,"s:808:8:808:Infinity":53,"s:810:2:954:Infinity":54,"s:959:39:1073:Infinity":55,"f:959:39:959:40":10,"s:966:8:970:Infinity":56,"s:972:8:972:Infinity":57,"s:973:8:973:Infinity":58,"s:976:24:980:Infinity":59,"f:976:24:976:25":11,"s:976:25:980:Infinity":60,"s:983:18:985:Infinity":61,"b:983:26:984:Infinity:985:6:985:Infinity":1,"s:987:2:1071:Infinity":62,"f:1047:54:1047:55":12,"s:1048:31:1048:Infinity":63,"s:1049:10:1067:Infinity":64}}}
,"/Users/yonatangross/coding/projects/orchestkit/orchestkit-demos/src/components/ShowcaseDemo.tsx": {"path":"/Users/yonatangross/coding/projects/orchestkit/orchestkit-demos/src/components/ShowcaseDemo.tsx","statementMap":{"0":{"start":{"line":23,"column":34},"end":{"line":26,"column":null}},"1":{"start":{"line":31,"column":17},"end":{"line":38,"column":null}},"2":{"start":{"line":40,"column":41},"end":{"line":61,"column":null}},"3":{"start":{"line":45,"column":2},"end":{"line":60,"column":null}},"4":{"start":{"line":46,"column":21},"end":{"line":46,"column":null}},"5":{"start":{"line":47,"column":4},"end":{"line":52,"column":null}},"6":{"start":{"line":54,"column":4},"end":{"line":59,"column":null}},"7":{"start":{"line":63,"column":57},"end":{"line":358,"column":null}},"8":{"start":{"line":67,"column":8},"end":{"line":67,"column":null}},"9":{"start":{"line":68,"column":32},"end":{"line":68,"column":null}},"10":{"start":{"line":69,"column":22},"end":{"line":69,"column":null}},"11":{"start":{"line":72,"column":19},"end":{"line":72,"column":null}},"12":{"start":{"line":73,"column":8},"end":{"line":78,"column":null}},"13":{"start":{"line":81,"column":21},"end":{"line":81,"column":null}},"14":{"start":{"line":82,"column":8},"end":{"line":87,"column":null}},"15":{"start":{"line":90,"column":25},"end":{"line":92,"column":null}},"16":{"start":{"line":91,"column":11},"end":{"line":91,"column":null}},"17":{"start":{"line":95,"column":28},"end":{"line":102,"column":null}},"18":{"start":{"line":96,"column":4},"end":{"line":101,"column":null}},"19":{"start":{"line":105,"column":8},"end":{"line":109,"column":null}},"20":{"start":{"line":112,"column":19},"end":{"line":112,"column":null}},"21":{"start":{"line":114,"column":2},"end":{"line":356,"column":null}},"22":{"start":{"line":191,"column":14},"end":{"line":224,"column":null}}},"fnMap":{"0":{"name":"(anonymous_0)","decl":{"start":{"line":40,"column":41},"end":{"line":40,"column":48}},"loc":{"start":{"line":44,"column":6},"end":{"line":61,"column":null}},"line":44},"1":{"name":"(anonymous_1)","decl":{"start":{"line":63,"column":57},"end":{"line":63,"column":58}},"loc":{"start":{"line":66,"column":6},"end":{"line":358,"column":null}},"line":66},"2":{"name":"(anonymous_2)","decl":{"start":{"line":91,"column":4},"end":{"line":91,"column":5}},"loc":{"start":{"line":91,"column":11},"end":{"line":91,"column":null}},"line":91},"3":{"name":"(anonymous_3)","decl":{"start":{"line":95,"column":28},"end":{"line":95,"column":29}},"loc":{"start":{"line":95,"column":61},"end":{"line":102,"column":null}},"line":95},"4":{"name":"(anonymous_4)","decl":{"start":{"line":190,"column":18},"end":{"line":190,"column":19}},"loc":{"start":{"line":191,"column":14},"end":{"line":224,"column":null}},"line":191}},"branchMap":{"0":{"loc":{"start":{"line":91,"column":11},"end":{"line":91,"column":null}},"type":"binary-expr","locations":[{"start":{"line":91,"column":11},"end":{"line":91,"column":37}},{"start":{"line":91,"column":37},"end":{"line":91,"column":null}}],"line":91},"1":{"loc":{"start":{"line":231,"column":7},"end":{"line":266,"column":null}},"type":"binary-expr","locations":[{"start":{"line":231,"column":7},"end":{"line":231,"column":25}},{"start":{"line":231,"column":25},"end":{"line":231,"column":null}},{"start":{"line":232,"column":8},"end":{"line":266,"column":null}}],"line":231},"2":{"loc":{"start":{"line":323,"column":19},"end":{"line":323,"column":null}},"type":"cond-expr","locations":[{"start":{"line":323,"column":59},"end":{"line":323,"column":65}},{"start":{"line":323,"column":65},"end":{"line":323,"column":null}}],"line":323},"3":{"loc":{"start":{"line":323,"column":19},"end":{"line":323,"column":59}},"type":"binary-expr","locations":[{"start":{"line":323,"column":19},"end":{"line":323,"column":40}},{"start":{"line":323,"column":40},"end":{"line":323,"column":59}}],"line":323}},"s":{"0":1,"1":1,"2":1,"3":0,"4":0,"5":0,"6":0,"7":1,"8":0,"9":0,"10":0,"11":0,"12":0,"13":0,"14":0,"15":0,"16":0,"17":0,"18":0,"19":0,"20":0,"21":0,"22":0},"f":{"0":0,"1":0,"2":0,"3":0,"4":0},"b":{"0":[0,0],"1":[0,0,0],"2":[0,0],"3":[0,0]},"meta":{"lastBranch":4,"lastFunction":5,"lastStatement":23,"seen":{"s:23:34:26:Infinity":0,"s:31:17:38:Infinity":1,"s:40:41:61:Infinity":2,"f:40:41:40:48":0,"s:45:2:60:Infinity":3,"s:46:21:46:Infinity":4,"s:47:4:52:Infinity":5,"s:54:4:59:Infinity":6,"s:63:57:358:Infinity":7,"f:63:57:63:58":1,"s:67:8:67:Infinity":8,"s:68:32:68:Infinity":9,"s:69:22:69:Infinity":10,"s:72:19:72:Infinity":11,"s:73:8:78:Infinity":12,"s:81:21:81:Infinity":13,"s:82:8:87:Infinity":14,"s:90:25:92:Infinity":15,"f:91:4:91:5":2,"s:91:11:91:Infinity":16,"b:91:11:91:37:91:37:91:Infinity":0,"s:95:28:102:Infinity":17,"f:95:28:95:29":3,"s:96:4:101:Infinity":18,"s:105:8:109:Infinity":19,"s:112:19:112:Infinity":20,"s:114:2:356:Infinity":21,"f:190:18:190:19":4,"s:191:14:224:Infinity":22,"b:231:7:231:25:231:25:231:Infinity:232:8:266:Infinity":1,"b:323:59:323:65:323:65:323:Infinity":2,"b:323:19:323:40:323:40:323:59":3}}}
,"/Users/yonatangross/coding/projects/orchestkit/orchestkit-demos/src/components/VerticalDemo.tsx": {"path":"/Users/yonatangross/coding/projects/orchestkit/orchestkit-demos/src/components/VerticalDemo.tsx","statementMap":{"0":{"start":{"line":15,"column":34},"end":{"line":23,"column":null}},"1":{"start":{"line":27,"column":57},"end":{"line":160,"column":null}},"2":{"start":{"line":36,"column":32},"end":{"line":36,"column":null}},"3":{"start":{"line":37,"column":8},"end":{"line":37,"column":null}},"4":{"start":{"line":40,"column":23},"end":{"line":40,"column":null}},"5":{"start":{"line":41,"column":22},"end":{"line":41,"column":null}},"6":{"start":{"line":42,"column":24},"end":{"line":42,"column":null}},"7":{"start":{"line":43,"column":19},"end":{"line":43,"column":null}},"8":{"start":{"line":47,"column":4},"end":{"line":49,"column":null}},"9":{"start":{"line":52,"column":8},"end":{"line":57,"column":null}},"10":{"start":{"line":59,"column":8},"end":{"line":64,"column":null}},"11":{"start":{"line":67,"column":22},"end":{"line":67,"column":null}},"12":{"start":{"line":69,"column":2},"end":{"line":158,"column":null}},"13":{"start":{"line":87,"column":27},"end":{"line":87,"column":null}},"14":{"start":{"line":88,"column":28},"end":{"line":88,"column":null}},"15":{"start":{"line":89,"column":12},"end":{"line":89,"column":null}},"16":{"start":{"line":168,"column":5},"end":{"line":243,"column":null}},"17":{"start":{"line":169,"column":8},"end":{"line":169,"column":null}},"18":{"start":{"line":170,"column":14},"end":{"line":170,"column":null}},"19":{"start":{"line":172,"column":8},"end":{"line":172,"column":null}},"20":{"start":{"line":173,"column":8},"end":{"line":173,"column":null}},"21":{"start":{"line":175,"column":2},"end":{"line":241,"column":null}},"22":{"start":{"line":248,"column":5},"end":{"line":340,"column":null}},"23":{"start":{"line":249,"column":8},"end":{"line":249,"column":null}},"24":{"start":{"line":250,"column":14},"end":{"line":250,"column":null}},"25":{"start":{"line":252,"column":8},"end":{"line":256,"column":null}},"26":{"start":{"line":258,"column":16},"end":{"line":258,"column":null}},"27":{"start":{"line":260,"column":2},"end":{"line":338,"column":null}},"28":{"start":{"line":342,"column":53},"end":{"line":387,"column":null}},"29":{"start":{"line":343,"column":2},"end":{"line":385,"column":null}},"30":{"start":{"line":389,"column":74},"end":{"line":415,"column":null}},"31":{"start":{"line":393,"column":2},"end":{"line":413,"column":null}}},"fnMap":{"0":{"name":"(anonymous_0)","decl":{"start":{"line":27,"column":57},"end":{"line":27,"column":58}},"loc":{"start":{"line":35,"column":6},"end":{"line":160,"column":null}},"line":35},"1":{"name":"(anonymous_1)","decl":{"start":{"line":86,"column":18},"end":{"line":86,"column":19}},"loc":{"start":{"line":86,"column":25},"end":{"line":90,"column":null}},"line":86},"2":{"name":"(anonymous_2)","decl":{"start":{"line":168,"column":5},"end":{"line":168,"column":6}},"loc":{"start":{"line":168,"column":64},"end":{"line":243,"column":null}},"line":168},"3":{"name":"(anonymous_3)","decl":{"start":{"line":248,"column":5},"end":{"line":248,"column":6}},"loc":{"start":{"line":248,"column":37},"end":{"line":340,"column":null}},"line":248},"4":{"name":"(anonymous_4)","decl":{"start":{"line":342,"column":53},"end":{"line":342,"column":54}},"loc":{"start":{"line":342,"column":75},"end":{"line":387,"column":null}},"line":342},"5":{"name":"(anonymous_5)","decl":{"start":{"line":389,"column":74},"end":{"line":389,"column":75}},"loc":{"start":{"line":392,"column":6},"end":{"line":415,"column":null}},"line":392}},"branchMap":{"0":{"loc":{"start":{"line":47,"column":4},"end":{"line":49,"column":null}},"type":"cond-expr","locations":[{"start":{"line":48,"column":8},"end":{"line":48,"column":null}},{"start":{"line":49,"column":8},"end":{"line":49,"column":null}}],"line":47},"1":{"loc":{"start":{"line":83,"column":7},"end":{"line":91,"column":null}},"type":"binary-expr","locations":[{"start":{"line":83,"column":7},"end":{"line":83,"column":null}},{"start":{"line":84,"column":8},"end":{"line":91,"column":null}}],"line":83},"2":{"loc":{"start":{"line":95,"column":7},"end":{"line":96,"column":null}},"type":"binary-expr","locations":[{"start":{"line":95,"column":7},"end":{"line":95,"column":28}},{"start":{"line":95,"column":28},"end":{"line":95,"column":null}},{"start":{"line":96,"column":8},"end":{"line":96,"column":null}}],"line":95},"3":{"loc":{"start":{"line":100,"column":7},"end":{"line":107,"column":null}},"type":"binary-expr","locations":[{"start":{"line":100,"column":7},"end":{"line":100,"column":null}},{"start":{"line":101,"column":8},"end":{"line":107,"column":null}}],"line":100},"4":{"loc":{"start":{"line":146,"column":7},"end":{"line":150,"column":null}},"type":"binary-expr","locations":[{"start":{"line":146,"column":7},"end":{"line":146,"column":null}},{"start":{"line":147,"column":8},"end":{"line":150,"column":null}}],"line":146}},"s":{"0":1,"1":1,"2":0,"3":0,"4":0,"5":0,"6":0,"7":0,"8":0,"9":0,"10":0,"11":0,"12":0,"13":0,"14":0,"15":0,"16":1,"17":0,"18":0,"19":0,"20":0,"21":0,"22":1,"23":0,"24":0,"25":0,"26":0,"27":0,"28":1,"29":0,"30":1,"31":0},"f":{"0":0,"1":0,"2":0,"3":0,"4":0,"5":0},"b":{"0":[0,0],"1":[0,0],"2":[0,0,0],"3":[0,0],"4":[0,0]},"meta":{"lastBranch":5,"lastFunction":6,"lastStatement":32,"seen":{"s:15:34:23:Infinity":0,"s:27:57:160:Infinity":1,"f:27:57:27:58":0,"s:36:32:36:Infinity":2,"s:37:8:37:Infinity":3,"s:40:23:40:Infinity":4,"s:41:22:41:Infinity":5,"s:42:24:42:Infinity":6,"s:43:19:43:Infinity":7,"s:47:4:49:Infinity":8,"b:48:8:48:Infinity:49:8:49:Infinity":0,"s:52:8:57:Infinity":9,"s:59:8:64:Infinity":10,"s:67:22:67:Infinity":11,"s:69:2:158:Infinity":12,"b:83:7:83:Infinity:84:8:91:Infinity":1,"f:86:18:86:19":1,"s:87:27:87:Infinity":13,"s:88:28:88:Infinity":14,"s:89:12:89:Infinity":15,"b:95:7:95:28:95:28:95:Infinity:96:8:96:Infinity":2,"b:100:7:100:Infinity:101:8:107:Infinity":3,"b:146:7:146:Infinity:147:8:150:Infinity":4,"s:168:5:243:Infinity":16,"f:168:5:168:6":2,"s:169:8:169:Infinity":17,"s:170:14:170:Infinity":18,"s:172:8:172:Infinity":19,"s:173:8:173:Infinity":20,"s:175:2:241:Infinity":21,"s:248:5:340:Infinity":22,"f:248:5:248:6":3,"s:249:8:249:Infinity":23,"s:250:14:250:Infinity":24,"s:252:8:256:Infinity":25,"s:258:16:258:Infinity":26,"s:260:2:338:Infinity":27,"s:342:53:387:Infinity":28,"f:342:53:342:54":4,"s:343:2:385:Infinity":29,"s:389:74:415:Infinity":30,"f:389:74:389:75":5,"s:393:2:413:Infinity":31}}}
,"/Users/yonatangross/coding/projects/orchestkit/orchestkit-demos/src/components/VideoDemo.tsx": {"path":"/Users/yonatangross/coding/projects/orchestkit/orchestkit-demos/src/components/VideoDemo.tsx","statementMap":{"0":{"start":{"line":37,"column":31},"end":{"line":64,"column":null}},"1":{"start":{"line":69,"column":42},"end":{"line":92,"column":null}},"2":{"start":{"line":74,"column":2},"end":{"line":91,"column":null}},"3":{"start":{"line":75,"column":21},"end":{"line":75,"column":null}},"4":{"start":{"line":77,"column":4},"end":{"line":82,"column":null}},"5":{"start":{"line":85,"column":4},"end":{"line":90,"column":null}},"6":{"start":{"line":94,"column":51},"end":{"line":400,"column":null}},"7":{"start":{"line":104,"column":8},"end":{"line":104,"column":null}},"8":{"start":{"line":105,"column":32},"end":{"line":105,"column":null}},"9":{"start":{"line":111,"column":19},"end":{"line":111,"column":null}},"10":{"start":{"line":112,"column":24},"end":{"line":112,"column":null}},"11":{"start":{"line":113,"column":20},"end":{"line":113,"column":null}},"12":{"start":{"line":114,"column":21},"end":{"line":114,"column":null}},"13":{"start":{"line":116,"column":24},"end":{"line":116,"column":null}},"14":{"start":{"line":117,"column":29},"end":{"line":117,"column":null}},"15":{"start":{"line":118,"column":19},"end":{"line":118,"column":null}},"16":{"start":{"line":121,"column":8},"end":{"line":126,"column":null}},"17":{"start":{"line":129,"column":8},"end":{"line":134,"column":null}},"18":{"start":{"line":136,"column":8},"end":{"line":141,"column":null}},"19":{"start":{"line":144,"column":18},"end":{"line":144,"column":null}},"20":{"start":{"line":145,"column":8},"end":{"line":150,"column":null}},"21":{"start":{"line":151,"column":8},"end":{"line":156,"column":null}},"22":{"start":{"line":159,"column":19},"end":{"line":159,"column":null}},"23":{"start":{"line":162,"column":8},"end":{"line":166,"column":null}},"24":{"start":{"line":168,"column":2},"end":{"line":398,"column":null}},"25":{"start":{"line":253,"column":14},"end":{"line":286,"column":null}}},"fnMap":{"0":{"name":"(anonymous_0)","decl":{"start":{"line":69,"column":42},"end":{"line":69,"column":49}},"loc":{"start":{"line":73,"column":6},"end":{"line":92,"column":null}},"line":73},"1":{"name":"(anonymous_1)","decl":{"start":{"line":94,"column":51},"end":{"line":94,"column":52}},"loc":{"start":{"line":103,"column":6},"end":{"line":400,"column":null}},"line":103},"2":{"name":"(anonymous_2)","decl":{"start":{"line":252,"column":23},"end":{"line":252,"column":24}},"loc":{"start":{"line":253,"column":14},"end":{"line":286,"column":null}},"line":253}},"branchMap":{"0":{"loc":{"start":{"line":271,"column":27},"end":{"line":271,"column":null}},"type":"binary-expr","locations":[{"start":{"line":271,"column":27},"end":{"line":271,"column":41}},{"start":{"line":271,"column":41},"end":{"line":271,"column":null}}],"line":271},"1":{"loc":{"start":{"line":315,"column":22},"end":{"line":315,"column":null}},"type":"cond-expr","locations":[{"start":{"line":315,"column":32},"end":{"line":315,"column":45}},{"start":{"line":315,"column":45},"end":{"line":315,"column":null}}],"line":315},"2":{"loc":{"start":{"line":343,"column":22},"end":{"line":343,"column":null}},"type":"cond-expr","locations":[{"start":{"line":343,"column":32},"end":{"line":343,"column":45}},{"start":{"line":343,"column":45},"end":{"line":343,"column":null}}],"line":343}},"s":{"0":1,"1":1,"2":0,"3":0,"4":0,"5":0,"6":1,"7":0,"8":0,"9":0,"10":0,"11":0,"12":0,"13":0,"14":0,"15":0,"16":0,"17":0,"18":0,"19":0,"20":0,"21":0,"22":0,"23":0,"24":0,"25":0},"f":{"0":0,"1":0,"2":0},"b":{"0":[0,0],"1":[0,0],"2":[0,0]},"meta":{"lastBranch":3,"lastFunction":3,"lastStatement":26,"seen":{"s:37:31:64:Infinity":0,"s:69:42:92:Infinity":1,"f:69:42:69:49":0,"s:74:2:91:Infinity":2,"s:75:21:75:Infinity":3,"s:77:4:82:Infinity":4,"s:85:4:90:Infinity":5,"s:94:51:400:Infinity":6,"f:94:51:94:52":1,"s:104:8:104:Infinity":7,"s:105:32:105:Infinity":8,"s:111:19:111:Infinity":9,"s:112:24:112:Infinity":10,"s:113:20:113:Infinity":11,"s:114:21:114:Infinity":12,"s:116:24:116:Infinity":13,"s:117:29:117:Infinity":14,"s:118:19:118:Infinity":15,"s:121:8:126:Infinity":16,"s:129:8:134:Infinity":17,"s:136:8:141:Infinity":18,"s:144:18:144:Infinity":19,"s:145:8:150:Infinity":20,"s:151:8:156:Infinity":21,"s:159:19:159:Infinity":22,"s:162:8:166:Infinity":23,"s:168:2:398:Infinity":24,"f:252:23:252:24":2,"s:253:14:286:Infinity":25,"b:271:27:271:41:271:41:271:Infinity":0,"b:315:32:315:45:315:45:315:Infinity":1,"b:343:32:343:45:343:45:343:Infinity":2}}}
,"/Users/yonatangross/coding/projects/orchestkit/orchestkit-demos/src/components/scenes/CTAScene.tsx": {"path":"/Users/yonatangross/coding/projects/orchestkit/orchestkit-demos/src/components/scenes/CTAScene.tsx","statementMap":{"0":{"start":{"line":21,"column":49},"end":{"line":136,"column":null}},"1":{"start":{"line":28,"column":8},"end":{"line":28,"column":null}},"2":{"start":{"line":29,"column":14},"end":{"line":29,"column":null}},"3":{"start":{"line":31,"column":8},"end":{"line":35,"column":null}},"4":{"start":{"line":38,"column":16},"end":{"line":38,"column":null}},"5":{"start":{"line":41,"column":24},"end":{"line":41,"column":null}},"6":{"start":{"line":43,"column":2},"end":{"line":134,"column":null}},"7":{"start":{"line":145,"column":53},"end":{"line":208,"column":null}},"8":{"start":{"line":150,"column":8},"end":{"line":150,"column":null}},"9":{"start":{"line":151,"column":14},"end":{"line":151,"column":null}},"10":{"start":{"line":153,"column":8},"end":{"line":157,"column":null}},"11":{"start":{"line":159,"column":16},"end":{"line":159,"column":null}},"12":{"start":{"line":161,"column":2},"end":{"line":206,"column":null}}},"fnMap":{"0":{"name":"(anonymous_0)","decl":{"start":{"line":21,"column":49},"end":{"line":21,"column":50}},"loc":{"start":{"line":27,"column":6},"end":{"line":136,"column":null}},"line":27},"1":{"name":"(anonymous_1)","decl":{"start":{"line":145,"column":53},"end":{"line":145,"column":54}},"loc":{"start":{"line":149,"column":6},"end":{"line":208,"column":null}},"line":149}},"branchMap":{"0":{"loc":{"start":{"line":22,"column":2},"end":{"line":22,"column":null}},"type":"default-arg","locations":[{"start":{"line":22,"column":19},"end":{"line":22,"column":null}}],"line":22},"1":{"loc":{"start":{"line":23,"column":2},"end":{"line":23,"column":null}},"type":"default-arg","locations":[{"start":{"line":23,"column":17},"end":{"line":23,"column":null}}],"line":23},"2":{"loc":{"start":{"line":24,"column":2},"end":{"line":24,"column":null}},"type":"default-arg","locations":[{"start":{"line":24,"column":19},"end":{"line":24,"column":null}}],"line":24},"3":{"loc":{"start":{"line":25,"column":2},"end":{"line":25,"column":null}},"type":"default-arg","locations":[{"start":{"line":25,"column":10},"end":{"line":25,"column":null}}],"line":25},"4":{"loc":{"start":{"line":26,"column":2},"end":{"line":26,"column":null}},"type":"default-arg","locations":[{"start":{"line":26,"column":14},"end":{"line":26,"column":null}}],"line":26},"5":{"loc":{"start":{"line":146,"column":2},"end":{"line":146,"column":null}},"type":"default-arg","locations":[{"start":{"line":146,"column":19},"end":{"line":146,"column":null}}],"line":146},"6":{"loc":{"start":{"line":147,"column":2},"end":{"line":147,"column":null}},"type":"default-arg","locations":[{"start":{"line":147,"column":17},"end":{"line":147,"column":null}}],"line":147}},"s":{"0":1,"1":0,"2":0,"3":0,"4":0,"5":0,"6":0,"7":1,"8":0,"9":0,"10":0,"11":0,"12":0},"f":{"0":0,"1":0},"b":{"0":[0],"1":[0],"2":[0],"3":[0],"4":[0],"5":[0],"6":[0]},"meta":{"lastBranch":7,"lastFunction":2,"lastStatement":13,"seen":{"s:21:49:136:Infinity":0,"f:21:49:21:50":0,"b:22:19:22:Infinity":0,"b:23:17:23:Infinity":1,"b:24:19:24:Infinity":2,"b:25:10:25:Infinity":3,"b:26:14:26:Infinity":4,"s:28:8:28:Infinity":1,"s:29:14:29:Infinity":2,"s:31:8:35:Infinity":3,"s:38:16:38:Infinity":4,"s:41:24:41:Infinity":5,"s:43:2:134:Infinity":6,"s:145:53:208:Infinity":7,"f:145:53:145:54":1,"b:146:19:146:Infinity":5,"b:147:17:147:Infinity":6,"s:150:8:150:Infinity":8,"s:151:14:151:Infinity":9,"s:153:8:157:Infinity":10,"s:159:16:159:Infinity":11,"s:161:2:206:Infinity":12}}}
,"/Users/yonatangross/coding/projects/orchestkit/orchestkit-demos/src/components/scenes/HookScene.tsx": {"path":"/Users/yonatangross/coding/projects/orchestkit/orchestkit-demos/src/components/scenes/HookScene.tsx","statementMap":{"0":{"start":{"line":21,"column":51},"end":{"line":178,"column":null}},"1":{"start":{"line":28,"column":8},"end":{"line":28,"column":null}},"2":{"start":{"line":29,"column":14},"end":{"line":29,"column":null}},"3":{"start":{"line":32,"column":8},"end":{"line":36,"column":null}},"4":{"start":{"line":38,"column":8},"end":{"line":42,"column":null}},"5":{"start":{"line":44,"column":8},"end":{"line":48,"column":null}},"6":{"start":{"line":50,"column":8},"end":{"line":52,"column":null}},"7":{"start":{"line":55,"column":18},"end":{"line":55,"column":null}},"8":{"start":{"line":57,"column":2},"end":{"line":176,"column":null}}},"fnMap":{"0":{"name":"(anonymous_0)","decl":{"start":{"line":21,"column":51},"end":{"line":21,"column":52}},"loc":{"start":{"line":27,"column":6},"end":{"line":178,"column":null}},"line":27}},"branchMap":{"0":{"loc":{"start":{"line":26,"column":2},"end":{"line":26,"column":null}},"type":"default-arg","locations":[{"start":{"line":26,"column":10},"end":{"line":26,"column":null}}],"line":26}},"s":{"0":1,"1":0,"2":0,"3":0,"4":0,"5":0,"6":0,"7":0,"8":0},"f":{"0":0},"b":{"0":[0]},"meta":{"lastBranch":1,"lastFunction":1,"lastStatement":9,"seen":{"s:21:51:178:Infinity":0,"f:21:51:21:52":0,"b:26:10:26:Infinity":0,"s:28:8:28:Infinity":1,"s:29:14:29:Infinity":2,"s:32:8:36:Infinity":3,"s:38:8:42:Infinity":4,"s:44:8:48:Infinity":5,"s:50:8:52:Infinity":6,"s:55:18:55:Infinity":7,"s:57:2:176:Infinity":8}}}
,"/Users/yonatangross/coding/projects/orchestkit/orchestkit-demos/src/components/scenes/ManimScene.tsx": {"path":"/Users/yonatangross/coding/projects/orchestkit/orchestkit-demos/src/components/scenes/ManimScene.tsx","statementMap":{"0":{"start":{"line":18,"column":53},"end":{"line":131,"column":null}},"1":{"start":{"line":25,"column":8},"end":{"line":25,"column":null}},"2":{"start":{"line":27,"column":8},"end":{"line":29,"column":null}},"3":{"start":{"line":31,"column":8},"end":{"line":33,"column":null}},"4":{"start":{"line":35,"column":28},"end":{"line":52,"column":null}},"5":{"start":{"line":36,"column":4},"end":{"line":51,"column":null}},"6":{"start":{"line":38,"column":8},"end":{"line":41,"column":null}},"7":{"start":{"line":43,"column":8},"end":{"line":46,"column":null}},"8":{"start":{"line":48,"column":8},"end":{"line":50,"column":null}},"9":{"start":{"line":54,"column":2},"end":{"line":129,"column":null}},"10":{"start":{"line":140,"column":65},"end":{"line":266,"column":null}},"11":{"start":{"line":145,"column":8},"end":{"line":145,"column":null}},"12":{"start":{"line":147,"column":21},"end":{"line":253,"column":null}},"13":{"start":{"line":148,"column":4},"end":{"line":252,"column":null}},"14":{"start":{"line":150,"column":8},"end":{"line":220,"column":null}},"15":{"start":{"line":184,"column":30},"end":{"line":184,"column":null}},"16":{"start":{"line":185,"column":22},"end":{"line":190,"column":null}},"17":{"start":{"line":191,"column":22},"end":{"line":196,"column":null}},"18":{"start":{"line":198,"column":16},"end":{"line":216,"column":null}},"19":{"start":{"line":223,"column":8},"end":{"line":235,"column":null}},"20":{"start":{"line":238,"column":8},"end":{"line":250,"column":null}},"21":{"start":{"line":255,"column":2},"end":{"line":264,"column":null}}},"fnMap":{"0":{"name":"(anonymous_0)","decl":{"start":{"line":18,"column":53},"end":{"line":18,"column":54}},"loc":{"start":{"line":24,"column":6},"end":{"line":131,"column":null}},"line":24},"1":{"name":"(anonymous_1)","decl":{"start":{"line":35,"column":28},"end":{"line":35,"column":55}},"loc":{"start":{"line":35,"column":55},"end":{"line":52,"column":null}},"line":35},"2":{"name":"(anonymous_2)","decl":{"start":{"line":140,"column":65},"end":{"line":140,"column":66}},"loc":{"start":{"line":144,"column":6},"end":{"line":266,"column":null}},"line":144},"3":{"name":"(anonymous_3)","decl":{"start":{"line":147,"column":21},"end":{"line":147,"column":27}},"loc":{"start":{"line":147,"column":27},"end":{"line":253,"column":null}},"line":147},"4":{"name":"(anonymous_4)","decl":{"start":{"line":183,"column":54},"end":{"line":183,"column":55}},"loc":{"start":{"line":183,"column":64},"end":{"line":218,"column":15}},"line":183}},"branchMap":{"0":{"loc":{"start":{"line":22,"column":2},"end":{"line":22,"column":null}},"type":"default-arg","locations":[{"start":{"line":22,"column":13},"end":{"line":22,"column":null}}],"line":22},"1":{"loc":{"start":{"line":23,"column":2},"end":{"line":23,"column":null}},"type":"default-arg","locations":[{"start":{"line":23,"column":10},"end":{"line":23,"column":null}}],"line":23},"2":{"loc":{"start":{"line":36,"column":4},"end":{"line":51,"column":null}},"type":"switch","locations":[{"start":{"line":37,"column":6},"end":{"line":41,"column":null}},{"start":{"line":42,"column":6},"end":{"line":46,"column":null}},{"start":{"line":47,"column":6},"end":{"line":50,"column":null}}],"line":36},"3":{"loc":{"start":{"line":63,"column":7},"end":{"line":101,"column":null}},"type":"binary-expr","locations":[{"start":{"line":63,"column":7},"end":{"line":63,"column":null}},{"start":{"line":64,"column":8},"end":{"line":101,"column":null}}],"line":63},"4":{"loc":{"start":{"line":89,"column":11},"end":{"line":99,"column":null}},"type":"binary-expr","locations":[{"start":{"line":89,"column":11},"end":{"line":89,"column":null}},{"start":{"line":90,"column":12},"end":{"line":99,"column":null}}],"line":89},"5":{"loc":{"start":{"line":142,"column":2},"end":{"line":142,"column":null}},"type":"default-arg","locations":[{"start":{"line":142,"column":15},"end":{"line":142,"column":null}}],"line":142},"6":{"loc":{"start":{"line":143,"column":2},"end":{"line":143,"column":null}},"type":"default-arg","locations":[{"start":{"line":143,"column":17},"end":{"line":143,"column":null}}],"line":143},"7":{"loc":{"start":{"line":148,"column":4},"end":{"line":252,"column":null}},"type":"switch","locations":[{"start":{"line":149,"column":6},"end":{"line":220,"column":null}},{"start":{"line":222,"column":6},"end":{"line":235,"column":null}},{"start":{"line":237,"column":6},"end":{"line":250,"column":null}}],"line":148}},"s":{"0":1,"1":0,"2":0,"3":0,"4":0,"5":0,"6":0,"7":0,"8":0,"9":0,"10":1,"11":0,"12":0,"13":0,"14":0,"15":0,"16":0,"17":0,"18":0,"19":0,"20":0,"21":0},"f":{"0":0,"1":0,"2":0,"3":0,"4":0},"b":{"0":[0],"1":[0],"2":[0,0,0],"3":[0,0],"4":[0,0],"5":[0],"6":[0],"7":[0,0,0]},"meta":{"lastBranch":8,"lastFunction":5,"lastStatement":22,"seen":{"s:18:53:131:Infinity":0,"f:18:53:18:54":0,"b:22:13:22:Infinity":0,"b:23:10:23:Infinity":1,"s:25:8:25:Infinity":1,"s:27:8:29:Infinity":2,"s:31:8:33:Infinity":3,"s:35:28:52:Infinity":4,"f:35:28:35:55":1,"b:37:6:41:Infinity:42:6:46:Infinity:47:6:50:Infinity":2,"s:36:4:51:Infinity":5,"s:38:8:41:Infinity":6,"s:43:8:46:Infinity":7,"s:48:8:50:Infinity":8,"s:54:2:129:Infinity":9,"b:63:7:63:Infinity:64:8:101:Infinity":3,"b:89:11:89:Infinity:90:12:99:Infinity":4,"s:140:65:266:Infinity":10,"f:140:65:140:66":2,"b:142:15:142:Infinity":5,"b:143:17:143:Infinity":6,"s:145:8:145:Infinity":11,"s:147:21:253:Infinity":12,"f:147:21:147:27":3,"b:149:6:220:Infinity:222:6:235:Infinity:237:6:250:Infinity":7,"s:148:4:252:Infinity":13,"s:150:8:220:Infinity":14,"f:183:54:183:55":4,"s:184:30:184:Infinity":15,"s:185:22:190:Infinity":16,"s:191:22:196:Infinity":17,"s:198:16:216:Infinity":18,"s:223:8:235:Infinity":19,"s:238:8:250:Infinity":20,"s:255:2:264:Infinity":21}}}
,"/Users/yonatangross/coding/projects/orchestkit/orchestkit-demos/src/components/scenes/ProblemScene.tsx": {"path":"/Users/yonatangross/coding/projects/orchestkit/orchestkit-demos/src/components/scenes/ProblemScene.tsx","statementMap":{"0":{"start":{"line":16,"column":57},"end":{"line":147,"column":null}},"1":{"start":{"line":21,"column":8},"end":{"line":21,"column":null}},"2":{"start":{"line":22,"column":14},"end":{"line":22,"column":null}},"3":{"start":{"line":24,"column":8},"end":{"line":28,"column":null}},"4":{"start":{"line":30,"column":2},"end":{"line":145,"column":null}},"5":{"start":{"line":85,"column":30},"end":{"line":85,"column":null}},"6":{"start":{"line":86,"column":18},"end":{"line":90,"column":null}},"7":{"start":{"line":91,"column":18},"end":{"line":96,"column":null}},"8":{"start":{"line":98,"column":12},"end":{"line":140,"column":null}}},"fnMap":{"0":{"name":"(anonymous_0)","decl":{"start":{"line":16,"column":57},"end":{"line":16,"column":58}},"loc":{"start":{"line":20,"column":6},"end":{"line":147,"column":null}},"line":20},"1":{"name":"(anonymous_1)","decl":{"start":{"line":84,"column":24},"end":{"line":84,"column":25}},"loc":{"start":{"line":84,"column":44},"end":{"line":142,"column":11}},"line":84}},"branchMap":{"0":{"loc":{"start":{"line":18,"column":2},"end":{"line":18,"column":null}},"type":"default-arg","locations":[{"start":{"line":18,"column":17},"end":{"line":18,"column":null}}],"line":18},"1":{"loc":{"start":{"line":19,"column":2},"end":{"line":19,"column":null}},"type":"default-arg","locations":[{"start":{"line":19,"column":10},"end":{"line":19,"column":null}}],"line":19}},"s":{"0":1,"1":0,"2":0,"3":0,"4":0,"5":0,"6":0,"7":0,"8":0},"f":{"0":0,"1":0},"b":{"0":[0],"1":[0]},"meta":{"lastBranch":2,"lastFunction":2,"lastStatement":9,"seen":{"s:16:57:147:Infinity":0,"f:16:57:16:58":0,"b:18:17:18:Infinity":0,"b:19:10:19:Infinity":1,"s:21:8:21:Infinity":1,"s:22:14:22:Infinity":2,"s:24:8:28:Infinity":3,"s:30:2:145:Infinity":4,"f:84:24:84:25":1,"s:85:30:85:Infinity":5,"s:86:18:90:Infinity":6,"s:91:18:96:Infinity":7,"s:98:12:140:Infinity":8}}}
,"/Users/yonatangross/coding/projects/orchestkit/orchestkit-demos/src/components/scenes/ResultsScene.tsx": {"path":"/Users/yonatangross/coding/projects/orchestkit/orchestkit-demos/src/components/scenes/ResultsScene.tsx","statementMap":{"0":{"start":{"line":21,"column":57},"end":{"line":176,"column":null}},"1":{"start":{"line":27,"column":8},"end":{"line":27,"column":null}},"2":{"start":{"line":28,"column":14},"end":{"line":28,"column":null}},"3":{"start":{"line":30,"column":8},"end":{"line":34,"column":null}},"4":{"start":{"line":36,"column":2},"end":{"line":174,"column":null}},"5":{"start":{"line":161,"column":14},"end":{"line":169,"column":null}},"6":{"start":{"line":186,"column":56},"end":{"line":254,"column":null}},"7":{"start":{"line":191,"column":19},"end":{"line":191,"column":null}},"8":{"start":{"line":192,"column":16},"end":{"line":192,"column":null}},"9":{"start":{"line":193,"column":15},"end":{"line":193,"column":null}},"10":{"start":{"line":195,"column":2},"end":{"line":252,"column":null}},"11":{"start":{"line":265,"column":40},"end":{"line":326,"column":null}},"12":{"start":{"line":273,"column":24},"end":{"line":273,"column":null}},"13":{"start":{"line":274,"column":8},"end":{"line":276,"column":null}},"14":{"start":{"line":277,"column":8},"end":{"line":279,"column":null}},"15":{"start":{"line":282,"column":23},"end":{"line":282,"column":null}},"16":{"start":{"line":283,"column":23},"end":{"line":289,"column":null}},"17":{"start":{"line":291,"column":2},"end":{"line":324,"column":null}}},"fnMap":{"0":{"name":"(anonymous_0)","decl":{"start":{"line":21,"column":57},"end":{"line":21,"column":58}},"loc":{"start":{"line":26,"column":6},"end":{"line":176,"column":null}},"line":26},"1":{"name":"(anonymous_1)","decl":{"start":{"line":160,"column":23},"end":{"line":160,"column":24}},"loc":{"start":{"line":161,"column":14},"end":{"line":169,"column":null}},"line":161},"2":{"name":"(anonymous_2)","decl":{"start":{"line":186,"column":56},"end":{"line":186,"column":57}},"loc":{"start":{"line":190,"column":6},"end":{"line":254,"column":null}},"line":190},"3":{"name":"(anonymous_3)","decl":{"start":{"line":265,"column":40},"end":{"line":265,"column":41}},"loc":{"start":{"line":272,"column":6},"end":{"line":326,"column":null}},"line":272}},"branchMap":{"0":{"loc":{"start":{"line":24,"column":2},"end":{"line":24,"column":null}},"type":"default-arg","locations":[{"start":{"line":24,"column":10},"end":{"line":24,"column":null}}],"line":24},"1":{"loc":{"start":{"line":25,"column":2},"end":{"line":25,"column":null}},"type":"default-arg","locations":[{"start":{"line":25,"column":17},"end":{"line":25,"column":null}}],"line":25},"2":{"loc":{"start":{"line":149,"column":9},"end":{"line":171,"column":null}},"type":"binary-expr","locations":[{"start":{"line":149,"column":9},"end":{"line":149,"column":null}},{"start":{"line":150,"column":10},"end":{"line":171,"column":null}}],"line":149},"3":{"loc":{"start":{"line":189,"column":2},"end":{"line":189,"column":null}},"type":"default-arg","locations":[{"start":{"line":189,"column":17},"end":{"line":189,"column":null}}],"line":189},"4":{"loc":{"start":{"line":192,"column":16},"end":{"line":192,"column":null}},"type":"cond-expr","locations":[{"start":{"line":192,"column":27},"end":{"line":192,"column":39}},{"start":{"line":192,"column":39},"end":{"line":192,"column":null}}],"line":192},"5":{"loc":{"start":{"line":193,"column":15},"end":{"line":193,"column":null}},"type":"cond-expr","locations":[{"start":{"line":193,"column":26},"end":{"line":193,"column":32}},{"start":{"line":193,"column":32},"end":{"line":193,"column":null}}],"line":193},"6":{"loc":{"start":{"line":268,"column":2},"end":{"line":268,"column":null}},"type":"default-arg","locations":[{"start":{"line":268,"column":11},"end":{"line":268,"column":null}}],"line":268},"7":{"loc":{"start":{"line":282,"column":23},"end":{"line":282,"column":null}},"type":"cond-expr","locations":[{"start":{"line":282,"column":51},"end":{"line":282,"column":59}},{"start":{"line":282,"column":59},"end":{"line":282,"column":null}}],"line":282},"8":{"loc":{"start":{"line":283,"column":23},"end":{"line":289,"column":null}},"type":"cond-expr","locations":[{"start":{"line":284,"column":6},"end":{"line":288,"column":null}},{"start":{"line":289,"column":6},"end":{"line":289,"column":null}}],"line":283}},"s":{"0":1,"1":0,"2":0,"3":0,"4":0,"5":0,"6":1,"7":0,"8":0,"9":0,"10":0,"11":1,"12":0,"13":0,"14":0,"15":0,"16":0,"17":0},"f":{"0":0,"1":0,"2":0,"3":0},"b":{"0":[0],"1":[0],"2":[0,0],"3":[0],"4":[0,0],"5":[0,0],"6":[0],"7":[0,0],"8":[0,0]},"meta":{"lastBranch":9,"lastFunction":4,"lastStatement":18,"seen":{"s:21:57:176:Infinity":0,"f:21:57:21:58":0,"b:24:10:24:Infinity":0,"b:25:17:25:Infinity":1,"s:27:8:27:Infinity":1,"s:28:14:28:Infinity":2,"s:30:8:34:Infinity":3,"s:36:2:174:Infinity":4,"b:149:9:149:Infinity:150:10:171:Infinity":2,"f:160:23:160:24":1,"s:161:14:169:Infinity":5,"s:186:56:254:Infinity":6,"f:186:56:186:57":2,"b:189:17:189:Infinity":3,"s:191:19:191:Infinity":7,"s:192:16:192:Infinity":8,"b:192:27:192:39:192:39:192:Infinity":4,"s:193:15:193:Infinity":9,"b:193:26:193:32:193:32:193:Infinity":5,"s:195:2:252:Infinity":10,"s:265:40:326:Infinity":11,"f:265:40:265:41":3,"b:268:11:268:Infinity":6,"s:273:24:273:Infinity":12,"s:274:8:276:Infinity":13,"s:277:8:279:Infinity":14,"s:282:23:282:Infinity":15,"b:282:51:282:59:282:59:282:Infinity":7,"s:283:23:289:Infinity":16,"b:284:6:288:Infinity:289:6:289:Infinity":8,"s:291:2:324:Infinity":17}}}
,"/Users/yonatangross/coding/projects/orchestkit/orchestkit-demos/src/components/scenes/TerminalScene.tsx": {"path":"/Users/yonatangross/coding/projects/orchestkit/orchestkit-demos/src/components/scenes/TerminalScene.tsx","statementMap":{"0":{"start":{"line":17,"column":59},"end":{"line":100,"column":null}},"1":{"start":{"line":23,"column":8},"end":{"line":23,"column":null}},"2":{"start":{"line":26,"column":8},"end":{"line":31,"column":null}},"3":{"start":{"line":33,"column":8},"end":{"line":35,"column":null}},"4":{"start":{"line":37,"column":2},"end":{"line":98,"column":null}},"5":{"start":{"line":110,"column":71},"end":{"line":169,"column":null}},"6":{"start":{"line":118,"column":8},"end":{"line":118,"column":null}},"7":{"start":{"line":120,"column":8},"end":{"line":125,"column":null}},"8":{"start":{"line":127,"column":2},"end":{"line":167,"column":null}}},"fnMap":{"0":{"name":"(anonymous_0)","decl":{"start":{"line":17,"column":59},"end":{"line":17,"column":60}},"loc":{"start":{"line":22,"column":6},"end":{"line":100,"column":null}},"line":22},"1":{"name":"(anonymous_1)","decl":{"start":{"line":110,"column":71},"end":{"line":110,"column":72}},"loc":{"start":{"line":117,"column":6},"end":{"line":169,"column":null}},"line":117}},"branchMap":{"0":{"loc":{"start":{"line":19,"column":2},"end":{"line":19,"column":null}},"type":"default-arg","locations":[{"start":{"line":19,"column":15},"end":{"line":19,"column":null}}],"line":19},"1":{"loc":{"start":{"line":21,"column":2},"end":{"line":21,"column":null}},"type":"default-arg","locations":[{"start":{"line":21,"column":17},"end":{"line":21,"column":null}}],"line":21},"2":{"loc":{"start":{"line":40,"column":7},"end":{"line":67,"column":null}},"type":"binary-expr","locations":[{"start":{"line":40,"column":7},"end":{"line":40,"column":21}},{"start":{"line":40,"column":21},"end":{"line":40,"column":null}},{"start":{"line":41,"column":8},"end":{"line":67,"column":null}}],"line":40},"3":{"loc":{"start":{"line":113,"column":2},"end":{"line":113,"column":null}},"type":"default-arg","locations":[{"start":{"line":113,"column":20},"end":{"line":113,"column":null}}],"line":113},"4":{"loc":{"start":{"line":114,"column":2},"end":{"line":114,"column":null}},"type":"default-arg","locations":[{"start":{"line":114,"column":18},"end":{"line":114,"column":null}}],"line":114},"5":{"loc":{"start":{"line":115,"column":2},"end":{"line":115,"column":null}},"type":"default-arg","locations":[{"start":{"line":115,"column":18},"end":{"line":115,"column":null}}],"line":115},"6":{"loc":{"start":{"line":116,"column":2},"end":{"line":116,"column":null}},"type":"default-arg","locations":[{"start":{"line":116,"column":17},"end":{"line":116,"column":null}}],"line":116},"7":{"loc":{"start":{"line":133,"column":7},"end":{"line":165,"column":null}},"type":"binary-expr","locations":[{"start":{"line":133,"column":7},"end":{"line":133,"column":null}},{"start":{"line":134,"column":8},"end":{"line":165,"column":null}}],"line":133}},"s":{"0":1,"1":0,"2":0,"3":0,"4":0,"5":1,"6":0,"7":0,"8":0},"f":{"0":0,"1":0},"b":{"0":[0],"1":[0],"2":[0,0,0],"3":[0],"4":[0],"5":[0],"6":[0],"7":[0,0]},"meta":{"lastBranch":8,"lastFunction":2,"lastStatement":9,"seen":{"s:17:59:100:Infinity":0,"f:17:59:17:60":0,"b:19:15:19:Infinity":0,"b:21:17:21:Infinity":1,"s:23:8:23:Infinity":1,"s:26:8:31:Infinity":2,"s:33:8:35:Infinity":3,"s:37:2:98:Infinity":4,"b:40:7:40:21:40:21:40:Infinity:41:8:67:Infinity":2,"s:110:71:169:Infinity":5,"f:110:71:110:72":1,"b:113:20:113:Infinity":3,"b:114:18:114:Infinity":4,"b:115:18:115:Infinity":5,"b:116:17:116:Infinity":6,"s:118:8:118:Infinity":6,"s:120:8:125:Infinity":7,"s:127:2:167:Infinity":8,"b:133:7:133:Infinity:134:8:165:Infinity":7}}}
,"/Users/yonatangross/coding/projects/orchestkit/orchestkit-demos/src/components/shared/BackgroundEffects.tsx": {"path":"/Users/yonatangross/coding/projects/orchestkit/orchestkit-demos/src/components/shared/BackgroundEffects.tsx","statementMap":{"0":{"start":{"line":13,"column":16},"end":{"line":17,"column":null}},"1":{"start":{"line":15,"column":15},"end":{"line":15,"column":null}},"2":{"start":{"line":16,"column":2},"end":{"line":16,"column":null}},"3":{"start":{"line":32,"column":69},"end":{"line":92,"column":null}},"4":{"start":{"line":40,"column":8},"end":{"line":40,"column":null}},"5":{"start":{"line":41,"column":24},"end":{"line":41,"column":null}},"6":{"start":{"line":44,"column":20},"end":{"line":52,"column":null}},"7":{"start":{"line":45,"column":4},"end":{"line":51,"column":null}},"8":{"start":{"line":45,"column":60},"end":{"line":51,"column":6}},"9":{"start":{"line":54,"column":2},"end":{"line":90,"column":null}},"10":{"start":{"line":58,"column":21},"end":{"line":58,"column":null}},"11":{"start":{"line":59,"column":23},"end":{"line":59,"column":null}},"12":{"start":{"line":60,"column":23},"end":{"line":60,"column":null}},"13":{"start":{"line":63,"column":23},"end":{"line":63,"column":null}},"14":{"start":{"line":65,"column":18},"end":{"line":65,"column":null}},"15":{"start":{"line":66,"column":14},"end":{"line":66,"column":null}},"16":{"start":{"line":69,"column":22},"end":{"line":69,"column":null}},"17":{"start":{"line":70,"column":32},"end":{"line":70,"column":null}},"18":{"start":{"line":72,"column":8},"end":{"line":87,"column":null}},"19":{"start":{"line":104,"column":57},"end":{"line":134,"column":null}},"20":{"start":{"line":109,"column":8},"end":{"line":109,"column":null}},"21":{"start":{"line":110,"column":15},"end":{"line":110,"column":null}},"22":{"start":{"line":113,"column":20},"end":{"line":118,"column":null}},"23":{"start":{"line":114,"column":19},"end":{"line":114,"column":null}},"24":{"start":{"line":115,"column":14},"end":{"line":115,"column":null}},"25":{"start":{"line":116,"column":14},"end":{"line":116,"column":null}},"26":{"start":{"line":117,"column":4},"end":{"line":117,"column":null}},"27":{"start":{"line":121,"column":20},"end":{"line":124,"column":null}},"28":{"start":{"line":122,"column":16},"end":{"line":122,"column":null}},"29":{"start":{"line":123,"column":4},"end":{"line":123,"column":null}},"30":{"start":{"line":126,"column":2},"end":{"line":132,"column":null}},"31":{"start":{"line":145,"column":49},"end":{"line":158,"column":null}},"32":{"start":{"line":149,"column":2},"end":{"line":156,"column":null}},"33":{"start":{"line":172,"column":55},"end":{"line":231,"column":null}},"34":{"start":{"line":179,"column":8},"end":{"line":179,"column":null}},"35":{"start":{"line":180,"column":24},"end":{"line":180,"column":null}},"36":{"start":{"line":182,"column":17},"end":{"line":182,"column":null}},"37":{"start":{"line":185,"column":24},"end":{"line":185,"column":null}},"38":{"start":{"line":186,"column":26},"end":{"line":186,"column":null}},"39":{"start":{"line":188,"column":2},"end":{"line":200,"column":null}},"40":{"start":{"line":188,"column":15},"end":{"line":188,"column":26}},"41":{"start":{"line":189,"column":4},"end":{"line":199,"column":null}},"42":{"start":{"line":202,"column":2},"end":{"line":214,"column":null}},"43":{"start":{"line":202,"column":15},"end":{"line":202,"column":26}},"44":{"start":{"line":203,"column":4},"end":{"line":213,"column":null}},"45":{"start":{"line":216,"column":48},"end":{"line":221,"column":null}},"46":{"start":{"line":223,"column":2},"end":{"line":229,"column":null}},"47":{"start":{"line":247,"column":49},"end":{"line":287,"column":null}},"48":{"start":{"line":255,"column":8},"end":{"line":255,"column":null}},"49":{"start":{"line":257,"column":2},"end":{"line":285,"column":null}},"50":{"start":{"line":261,"column":21},"end":{"line":261,"column":null}},"51":{"start":{"line":262,"column":24},"end":{"line":262,"column":null}},"52":{"start":{"line":263,"column":24},"end":{"line":263,"column":null}},"53":{"start":{"line":266,"column":22},"end":{"line":266,"column":null}},"54":{"start":{"line":268,"column":8},"end":{"line":282,"column":null}},"55":{"start":{"line":299,"column":51},"end":{"line":322,"column":null}},"56":{"start":{"line":304,"column":8},"end":{"line":304,"column":null}},"57":{"start":{"line":305,"column":17},"end":{"line":305,"column":null}},"58":{"start":{"line":307,"column":2},"end":{"line":320,"column":null}},"59":{"start":{"line":333,"column":57},"end":{"line":373,"column":null}},"60":{"start":{"line":337,"column":8},"end":{"line":337,"column":null}},"61":{"start":{"line":338,"column":24},"end":{"line":338,"column":null}},"62":{"start":{"line":341,"column":20},"end":{"line":341,"column":null}},"63":{"start":{"line":343,"column":2},"end":{"line":361,"column":null}},"64":{"start":{"line":344,"column":19},"end":{"line":344,"column":null}},"65":{"start":{"line":345,"column":4},"end":{"line":345,"column":null}},"66":{"start":{"line":345,"column":17},"end":{"line":345,"column":null}},"67":{"start":{"line":347,"column":16},"end":{"line":347,"column":null}},"68":{"start":{"line":348,"column":4},"end":{"line":348,"column":null}},"69":{"start":{"line":348,"column":14},"end":{"line":348,"column":null}},"70":{"start":{"line":350,"column":22},"end":{"line":350,"column":null}},"71":{"start":{"line":351,"column":4},"end":{"line":358,"column":null}},"72":{"start":{"line":351,"column":17},"end":{"line":351,"column":20}},"73":{"start":{"line":353,"column":12},"end":{"line":353,"column":null}},"74":{"start":{"line":354,"column":6},"end":{"line":354,"column":null}},"75":{"start":{"line":355,"column":6},"end":{"line":355,"column":null}},"76":{"start":{"line":356,"column":6},"end":{"line":356,"column":null}},"77":{"start":{"line":357,"column":6},"end":{"line":357,"column":null}},"78":{"start":{"line":360,"column":4},"end":{"line":360,"column":null}},"79":{"start":{"line":363,"column":2},"end":{"line":371,"column":null}},"80":{"start":{"line":385,"column":65},"end":{"line":433,"column":null}},"81":{"start":{"line":390,"column":8},"end":{"line":390,"column":null}},"82":{"start":{"line":393,"column":8},"end":{"line":395,"column":null}},"83":{"start":{"line":398,"column":15},"end":{"line":398,"column":null}},"84":{"start":{"line":400,"column":16},"end":{"line":406,"column":null}},"85":{"start":{"line":401,"column":19},"end":{"line":401,"column":null}},"86":{"start":{"line":402,"column":14},"end":{"line":402,"column":null}},"87":{"start":{"line":403,"column":14},"end":{"line":403,"column":null}},"88":{"start":{"line":404,"column":18},"end":{"line":404,"column":null}},"89":{"start":{"line":405,"column":4},"end":{"line":405,"column":null}},"90":{"start":{"line":408,"column":2},"end":{"line":431,"column":null}},"91":{"start":{"line":416,"column":8},"end":{"line":429,"column":null}},"92":{"start":{"line":447,"column":59},"end":{"line":526,"column":null}},"93":{"start":{"line":454,"column":8},"end":{"line":454,"column":null}},"94":{"start":{"line":455,"column":14},"end":{"line":455,"column":null}},"95":{"start":{"line":458,"column":20},"end":{"line":469,"column":null}},"96":{"start":{"line":459,"column":4},"end":{"line":468,"column":null}},"97":{"start":{"line":460,"column":21},"end":{"line":460,"column":null}},"98":{"start":{"line":461,"column":23},"end":{"line":461,"column":null}},"99":{"start":{"line":462,"column":12},"end":{"line":462,"column":null}},"100":{"start":{"line":463,"column":19},"end":{"line":463,"column":null}},"101":{"start":{"line":464,"column":20},"end":{"line":464,"column":null}},"102":{"start":{"line":465,"column":20},"end":{"line":465,"column":null}},"103":{"start":{"line":467,"column":6},"end":{"line":467,"column":null}},"104":{"start":{"line":471,"column":24},"end":{"line":471,"column":null}},"105":{"start":{"line":473,"column":2},"end":{"line":475,"column":null}},"106":{"start":{"line":474,"column":4},"end":{"line":474,"column":null}},"107":{"start":{"line":477,"column":19},"end":{"line":477,"column":null}},"108":{"start":{"line":479,"column":2},"end":{"line":524,"column":null}},"109":{"start":{"line":483,"column":24},"end":{"line":483,"column":null}},"110":{"start":{"line":484,"column":18},"end":{"line":484,"column":null}},"111":{"start":{"line":486,"column":19},"end":{"line":486,"column":null}},"112":{"start":{"line":487,"column":19},"end":{"line":487,"column":null}},"113":{"start":{"line":489,"column":18},"end":{"line":489,"column":null}},"114":{"start":{"line":490,"column":18},"end":{"line":490,"column":null}},"115":{"start":{"line":492,"column":25},"end":{"line":492,"column":null}},"116":{"start":{"line":495,"column":14},"end":{"line":497,"column":null}},"117":{"start":{"line":500,"column":14},"end":{"line":503,"column":null}},"118":{"start":{"line":505,"column":48},"end":{"line":515,"column":null}},"119":{"start":{"line":518,"column":8},"end":{"line":520,"column":null}},"120":{"start":{"line":519,"column":10},"end":{"line":519,"column":null}},"121":{"start":{"line":522,"column":8},"end":{"line":522,"column":null}},"122":{"start":{"line":539,"column":65},"end":{"line":600,"column":null}},"123":{"start":{"line":545,"column":8},"end":{"line":545,"column":null}},"124":{"start":{"line":546,"column":14},"end":{"line":546,"column":null}},"125":{"start":{"line":548,"column":24},"end":{"line":548,"column":null}},"126":{"start":{"line":550,"column":2},"end":{"line":552,"column":null}},"127":{"start":{"line":551,"column":4},"end":{"line":551,"column":null}},"128":{"start":{"line":555,"column":8},"end":{"line":559,"column":null}},"129":{"start":{"line":562,"column":21},"end":{"line":562,"column":null}},"130":{"start":{"line":563,"column":8},"end":{"line":566,"column":null}},"131":{"start":{"line":568,"column":2},"end":{"line":598,"column":null}},"132":{"start":{"line":622,"column":65},"end":{"line":715,"column":null}},"133":{"start":{"line":631,"column":8},"end":{"line":631,"column":null}},"134":{"start":{"line":633,"column":19},"end":{"line":633,"column":null}},"135":{"start":{"line":633,"column":47},"end":{"line":633,"column":54}},"136":{"start":{"line":635,"column":2},"end":{"line":713,"column":null}},"137":{"start":{"line":638,"column":22},"end":{"line":638,"column":null}},"138":{"start":{"line":639,"column":30},"end":{"line":639,"column":null}},"139":{"start":{"line":642,"column":14},"end":{"line":651,"column":null}},"140":{"start":{"line":653,"column":26},"end":{"line":653,"column":null}},"141":{"start":{"line":654,"column":14},"end":{"line":657,"column":null}},"142":{"start":{"line":659,"column":8},"end":{"line":710,"column":null}},"143":{"start":{"line":729,"column":57},"end":{"line":762,"column":null}},"144":{"start":{"line":736,"column":8},"end":{"line":736,"column":null}},"145":{"start":{"line":737,"column":24},"end":{"line":737,"column":null}},"146":{"start":{"line":740,"column":4},"end":{"line":744,"column":null}},"147":{"start":{"line":747,"column":4},"end":{"line":751,"column":null}},"148":{"start":{"line":753,"column":27},"end":{"line":753,"column":null}},"149":{"start":{"line":755,"column":2},"end":{"line":760,"column":null}}},"fnMap":{"0":{"name":"(anonymous_0)","decl":{"start":{"line":13,"column":16},"end":{"line":13,"column":17}},"loc":{"start":{"line":13,"column":64},"end":{"line":17,"column":null}},"line":13},"1":{"name":"(anonymous_1)","decl":{"start":{"line":32,"column":69},"end":{"line":32,"column":70}},"loc":{"start":{"line":39,"colu
[...]
7,"s:360:4:360:Infinity":78,"s:363:2:371:Infinity":79,"s:385:65:433:Infinity":80,"f:385:65:385:66":15,"b:386:11:386:Infinity":33,"b:387:10:387:Infinity":34,"b:388:12:388:Infinity":35,"s:390:8:390:Infinity":81,"s:393:8:395:Infinity":82,"s:398:15:398:Infinity":83,"s:400:16:406:Infinity":84,"f:400:27:400:28":16,"s:401:19:401:Infinity":85,"s:402:14:402:Infinity":86,"s:403:14:403:Infinity":87,"s:404:18:404:Infinity":88,"s:405:4:405:Infinity":89,"s:408:2:431:Infinity":90,"f:415:17:415:18":17,"s:416:8:429:Infinity":91,"s:447:59:526:Infinity":92,"f:447:59:447:60":18,"b:449:18:449:Infinity":36,"b:450:11:450:Infinity":37,"b:451:13:451:Infinity":38,"b:452:11:452:Infinity":39,"s:454:8:454:Infinity":93,"s:455:14:455:Infinity":94,"s:458:20:469:Infinity":95,"f:458:34:458:40":19,"s:459:4:468:Infinity":96,"f:459:49:459:50":20,"s:460:21:460:Infinity":97,"s:461:23:461:Infinity":98,"s:462:12:462:Infinity":99,"s:463:19:463:Infinity":100,"s:464:20:464:Infinity":101,"s:465:20:465:Infinity":102,"s:467:6:467:Infinity":103,"s:471:24:471:Infinity":104,"b:473:2:475:Infinity:undefined:undefined:undefined:undefined":40,"s:473:2:475:Infinity":105,"b:473:6:473:27:473:27:473:53":41,"s:474:4:474:Infinity":106,"s:477:19:477:Infinity":107,"s:479:2:524:Infinity":108,"f:481:21:481:22":21,"s:483:24:483:Infinity":109,"s:484:18:484:Infinity":110,"s:486:19:486:Infinity":111,"s:487:19:487:Infinity":112,"s:489:18:489:Infinity":113,"s:490:18:490:Infinity":114,"s:492:25:492:Infinity":115,"s:495:14:497:Infinity":116,"s:500:14:503:Infinity":117,"s:505:48:515:Infinity":118,"b:514:47:514:55:514:55:514:Infinity":42,"b:514:78:514:84:514:84:514:Infinity":43,"b:518:8:520:Infinity:undefined:undefined:undefined:undefined":44,"s:518:8:520:Infinity":119,"s:519:10:519:Infinity":120,"s:522:8:522:Infinity":121,"s:539:65:600:Infinity":122,"f:539:65:539:66":22,"b:541:9:541:Infinity":45,"b:542:10:542:Infinity":46,"b:543:16:543:Infinity":47,"s:545:8:545:Infinity":123,"s:546:14:546:Infinity":124,"s:548:24:548:Infinity":125,"b:550:2:552:Infinity:undefined:undefined:undefined:undefined":48,"s:550:2:552:Infinity":126,"s:551:4:551:Infinity":127,"s:555:8:559:Infinity":128,"s:562:21:562:Infinity":129,"s:563:8:566:Infinity":130,"s:568:2:598:Infinity":131,"s:622:65:715:Infinity":132,"f:622:65:622:66":23,"b:624:15:624:Infinity":49,"b:625:14:625:Infinity":50,"b:626:13:626:Infinity":51,"b:627:17:627:Infinity":52,"b:628:15:628:Infinity":53,"b:629:15:629:Infinity":54,"s:631:8:631:Infinity":133,"s:633:19:633:Infinity":134,"f:633:40:633:41":24,"s:633:47:633:54":135,"s:635:2:713:Infinity":136,"f:637:16:637:17":25,"s:638:22:638:Infinity":137,"s:639:30:639:Infinity":138,"s:642:14:651:Infinity":139,"s:653:26:653:Infinity":140,"s:654:14:657:Infinity":141,"s:659:8:710:Infinity":142,"b:669:13:669:Infinity:670:14:680:Infinity":55,"b:692:15:692:29:692:29:692:Infinity:693:16:707:Infinity":56,"s:729:57:762:Infinity":143,"f:729:57:729:58":26,"b:731:14:731:Infinity":57,"b:733:13:733:Infinity":58,"b:734:10:734:Infinity":59,"s:736:8:736:Infinity":144,"s:737:24:737:Infinity":145,"s:740:4:744:Infinity":146,"b:740:4:740:Infinity:740:4:744:Infinity":60,"s:747:4:751:Infinity":147,"b:748:8:748:Infinity:749:8:751:Infinity":61,"b:750:10:750:Infinity:751:10:751:Infinity":62,"s:753:27:753:Infinity":148,"s:755:2:760:Infinity":149}}}
,"/Users/yonatangross/coding/projects/orchestkit/orchestkit-demos/src/components/shared/TransitionWipe.tsx": {"path":"/Users/yonatangross/coding/projects/orchestkit/orchestkit-demos/src/components/shared/TransitionWipe.tsx","statementMap":{"0":{"start":{"line":26,"column":61},"end":{"line":78,"column":null}},"1":{"start":{"line":33,"column":8},"end":{"line":33,"column":null}},"2":{"start":{"line":34,"column":8},"end":{"line":43,"column":null}},"3":{"start":{"line":45,"column":23},"end":{"line":61,"column":null}},"4":{"start":{"line":46,"column":10},"end":{"line":46,"column":null}},"5":{"start":{"line":47,"column":4},"end":{"line":60,"column":null}},"6":{"start":{"line":49,"column":8},"end":{"line":49,"column":null}},"7":{"start":{"line":51,"column":8},"end":{"line":51,"column":null}},"8":{"start":{"line":53,"column":8},"end":{"line":53,"column":null}},"9":{"start":{"line":55,"column":8},"end":{"line":55,"column":null}},"10":{"start":{"line":57,"column":8},"end":{"line":57,"column":null}},"11":{"start":{"line":59,"column":8},"end":{"line":59,"column":null}},"12":{"start":{"line":63,"column":2},"end":{"line":65,"column":null}},"13":{"start":{"line":64,"column":4},"end":{"line":64,"column":null}},"14":{"start":{"line":67,"column":2},"end":{"line":76,"column":null}},"15":{"start":{"line":91,"column":51},"end":{"line":114,"column":null}},"16":{"start":{"line":97,"column":8},"end":{"line":97,"column":null}},"17":{"start":{"line":98,"column":8},"end":{"line":106,"column":null}},"18":{"start":{"line":108,"column":2},"end":{"line":112,"column":null}},"19":{"start":{"line":127,"column":63},"end":{"line":338,"column":null}},"20":{"start":{"line":133,"column":8},"end":{"line":133,"column":null}},"21":{"start":{"line":134,"column":2},"end":{"line":134,"column":null}},"22":{"start":{"line":137,"column":8},"end":{"line":149,"column":null}},"23":{"start":{"line":151,"column":2},"end":{"line":151,"column":null}},"24":{"start":{"line":151,"column":22},"end":{"line":151,"column":null}},"25":{"start":{"line":153,"column":2},"end":{"line":337,"column":null}},"26":{"start":{"line":155,"column":12},"end":{"line":163,"column":null}},"27":{"start":{"line":165,"column":6},"end":{"line":172,"column":null}},"28":{"start":{"line":177,"column":12},"end":{"line":186,"column":null}},"29":{"start":{"line":188,"column":6},"end":{"line":194,"column":null}},"30":{"start":{"line":199,"column":12},"end":{"line":208,"column":null}},"31":{"start":{"line":210,"column":6},"end":{"line":218,"column":null}},"32":{"start":{"line":224,"column":12},"end":{"line":233,"column":null}},"33":{"start":{"line":235,"column":6},"end":{"line":241,"column":null}},"34":{"start":{"line":247,"column":25},"end":{"line":247,"column":null}},"35":{"start":{"line":248,"column":21},"end":{"line":277,"column":null}},"36":{"start":{"line":249,"column":27},"end":{"line":249,"column":null}},"37":{"start":{"line":250,"column":14},"end":{"line":262,"column":null}},"38":{"start":{"line":264,"column":8},"end":{"line":275,"column":null}},"39":{"start":{"line":279,"column":6},"end":{"line":279,"column":null}},"40":{"start":{"line":284,"column":12},"end":{"line":292,"column":null}},"41":{"start":{"line":294,"column":6},"end":{"line":301,"column":null}},"42":{"start":{"line":306,"column":12},"end":{"line":315,"column":null}},"43":{"start":{"line":317,"column":6},"end":{"line":323,"column":null}},"44":{"start":{"line":329,"column":6},"end":{"line":335,"column":null}},"45":{"start":{"line":352,"column":63},"end":{"line":403,"column":null}},"46":{"start":{"line":359,"column":8},"end":{"line":359,"column":null}},"47":{"start":{"line":360,"column":14},"end":{"line":360,"column":null}},"48":{"start":{"line":363,"column":8},"end":{"line":367,"column":null}},"49":{"start":{"line":370,"column":21},"end":{"line":370,"column":null}},"50":{"start":{"line":371,"column":2},"end":{"line":377,"column":null}},"51":{"start":{"line":372,"column":4},"end":{"line":376,"column":null}},"52":{"start":{"line":379,"column":18},"end":{"line":384,"column":null}},"53":{"start":{"line":386,"column":17},"end":{"line":386,"column":null}},"54":{"start":{"line":387,"column":8},"end":{"line":388,"column":null}},"55":{"start":{"line":389,"column":8},"end":{"line":390,"column":null}},"56":{"start":{"line":391,"column":18},"end":{"line":391,"column":null}},"57":{"start":{"line":393,"column":2},"end":{"line":401,"column":null}},"58":{"start":{"line":418,"column":63},"end":{"line":460,"column":null}},"59":{"start":{"line":426,"column":8},"end":{"line":426,"column":null}},"60":{"start":{"line":427,"column":14},"end":{"line":427,"column":null}},"61":{"start":{"line":430,"column":8},"end":{"line":434,"column":null}},"62":{"start":{"line":437,"column":21},"end":{"line":437,"column":null}},"63":{"start":{"line":438,"column":2},"end":{"line":444,"column":null}},"64":{"start":{"line":439,"column":4},"end":{"line":443,"column":null}},"65":{"start":{"line":446,"column":8},"end":{"line":447,"column":null}},"66":{"start":{"line":448,"column":18},"end":{"line":448,"column":null}},"67":{"start":{"line":450,"column":2},"end":{"line":458,"column":null}},"68":{"start":{"line":474,"column":65},"end":{"line":514,"column":null}},"69":{"start":{"line":481,"column":8},"end":{"line":481,"column":null}},"70":{"start":{"line":482,"column":24},"end":{"line":482,"column":null}},"71":{"start":{"line":484,"column":8},"end":{"line":487,"column":null}},"72":{"start":{"line":489,"column":20},"end":{"line":498,"column":null}},"73":{"start":{"line":500,"column":8},"end":{"line":502,"column":null}},"74":{"start":{"line":504,"column":2},"end":{"line":512,"column":null}}},"fnMap":{"0":{"name":"(anonymous_0)","decl":{"start":{"line":26,"column":61},"end":{"line":26,"column":62}},"loc":{"start":{"line":32,"column":6},"end":{"line":78,"column":null}},"line":32},"1":{"name":"(anonymous_1)","decl":{"start":{"line":45,"column":23},"end":{"line":45,"column":29}},"loc":{"start":{"line":45,"column":29},"end":{"line":61,"column":null}},"line":45},"2":{"name":"(anonymous_2)","decl":{"start":{"line":91,"column":51},"end":{"line":91,"column":52}},"loc":{"start":{"line":96,"column":6},"end":{"line":114,"column":null}},"line":96},"3":{"name":"(anonymous_3)","decl":{"start":{"line":127,"column":63},"end":{"line":127,"column":64}},"loc":{"start":{"line":132,"column":6},"end":{"line":338,"column":null}},"line":132},"4":{"name":"(anonymous_4)","decl":{"start":{"line":248,"column":56},"end":{"line":248,"column":57}},"loc":{"start":{"line":248,"column":66},"end":{"line":277,"column":7}},"line":248},"5":{"name":"(anonymous_5)","decl":{"start":{"line":352,"column":63},"end":{"line":352,"column":64}},"loc":{"start":{"line":358,"column":6},"end":{"line":403,"column":null}},"line":358},"6":{"name":"(anonymous_6)","decl":{"start":{"line":418,"column":63},"end":{"line":418,"column":64}},"loc":{"start":{"line":425,"column":6},"end":{"line":460,"column":null}},"line":425},"7":{"name":"(anonymous_7)","decl":{"start":{"line":474,"column":65},"end":{"line":474,"column":66}},"loc":{"start":{"line":480,"column":6},"end":{"line":514,"column":null}},"line":480}},"branchMap":{"0":{"loc":{"start":{"line":27,"column":2},"end":{"line":27,"column":null}},"type":"default-arg","locations":[{"start":{"line":27,"column":14},"end":{"line":27,"column":null}}],"line":27},"1":{"loc":{"start":{"line":28,"column":2},"end":{"line":28,"column":null}},"type":"default-arg","locations":[{"start":{"line":28,"column":10},"end":{"line":28,"column":null}}],"line":28},"2":{"loc":{"start":{"line":30,"column":2},"end":{"line":30,"column":null}},"type":"default-arg","locations":[{"start":{"line":30,"column":19},"end":{"line":30,"column":null}}],"line":30},"3":{"loc":{"start":{"line":47,"column":4},"end":{"line":60,"column":null}},"type":"switch","locations":[{"start":{"line":48,"column":6},"end":{"line":49,"column":null}},{"start":{"line":50,"column":6},"end":{"line":51,"column":null}},{"start":{"line":52,"column":6},"end":{"line":53,"column":null}},{"start":{"line":54,"column":6},"end":{"line":55,"column":null}},{"start":{"line":56,"column":6},"end":{"line":57,"column":null}},{"start":{"line":58,"column":6},"end":{"line":59,"column":null}}],"line":47},"4":{"loc":{"start":{"line":63,"column":2},"end":{"line":65,"column":null}},"type":"if","locations":[{"start":{"line":63,"column":2},"end":{"line":65,"column":null}},{"start":{},"end":{}}],"line":63},"5":{"loc":{"start":{"line":93,"column":2},"end":{"line":93,"column":null}},"type":"default-arg","locations":[{"start":{"line":93,"column":19},"end":{"line":93,"column":null}}],"line":93},"6":{"loc":{"start":{"line":128,"column":2},"end":{"line":128,"column":null}},"type":"default-arg","locations":[{"start":{"line":128,"column":9},"end":{"line":128,"column":null}}],"line":128},"7":{"loc":{"start":{"line":129,"column":2},"end":{"line":129,"column":null}},"type":"default-arg","locations":[{"start":{"line":129,"column":10},"end":{"line":129,"column":null}}],"line":129},"8":{"loc":{"start":{"line":131,"column":2},"end":{"line":131,"column":null}},"type":"default-arg","locations":[{"start":{"line":131,"column":19},"end":{"line":131,"column":null}}],"line":131},"9":{"loc":{"start":{"line":151,"column":2},"end":{"line":151,"column":null}},"type":"if","locations":[{"start":{"line":151,"column":2},"end":{"line":151,"column":null}},{"start":{},"end":{}}],"line":151},"10":{"loc":{"start":{"line":153,"column":2},"end":{"line":337,"column":null}},"type":"switch","locations":[{"start":{"line":154,"column":4},"end":{"line":174,"column":null}},{"start":{"line":176,"column":4},"end":{"line":196,"column":null}},{"start":{"line":198,"column":4},"end":{"line":220,"column":null}},{"start":{"line":222,"column":4},"end":{"line":243,"column":null}},{"start":{"line":245,"column":4},"end":{"line":280,"column":null}},{"start":{"line":282,"column":4},"end":{"line":303,"column":null}},{"start":{"line":305,"column":4},"end":{"line":325,"column":null}},{"start":{"line":327,"column":4},"end":{"line":327,"column":null}},{"start":{"line":328,"column":4},"end":{"line":335,"column":null}}],"line":153},"11":{"loc":{"start":{"line":354,"column":2},"end":{"line":354,"column":null}},"type":"default-arg","locations":[{"start":{"line":354,"column":14},"end":{"line":354,"column":null}}],"line":354},"12":{"loc":{"start":{"line":371,"column":2},"end":{"line":377,"column":null}},"type":"if","locations":[{"start":{"line":371,"column":2},"end":{"line":377,"column":null}},{"start":{},"end":{}}],"line":371},"13":{"loc":{"start":{"line":371,"column":6},"end":{"line":371,"column":53}},"type":"binary-expr","locations":[{"start":{"line":371,"column":6},"end":{"line":371,"column":33}},{"start":{"line":371,"column":33},"end":{"line":371,"column":53}}],"line":371},"14":{"loc":{"start":{"line":423,"column":2},"end":{"line":423,"column":null}},"type":"default-arg","locations":[{"start":{"line":423,"column":14},"end":{"line":423,"column":null}}],"line":423},"15":{"loc":{"start":{"line":424,"column":2},"end":{"line":424,"column":null}},"type":"default-arg","locations":[{"start":{"line":424,"column":12},"end":{"line":424,"column":null}}],"line":424},"16":{"loc":{"start":{"line":438,"column":2},"end":{"line":444,"column":null}},"type":"if","locations":[{"start":{"line":438,"column":2},"end":{"line":444,"column":null}},{"start":{},"end":{}}],"line":438},"17":{"loc":{"start":{"line":438,"column":6},"end":{"line":438,"column":53}},"type":"binary-expr","locations":[{"start":{"line":438,"column":6},"end":{"line":438,"column":33}},{"start":{"line":438,"column":33},"end":{"line":438,"column":53}}],"line":438},"18":{"loc":{"start":{"line":476,"column":2},"end":{"line":476,"column":null}},"type":"default-arg","locations":[{"start":{"line":476,"column":9},"end":{"line":476,"column":null}}],"line":476},"19":{"loc":{"start":{"line":478,"column":2},"end":{"line":478,"column":null}},"type":"default-arg","locations":[{"start":{"line":478,"column":19},"end":{"line":478,"column":null}}],"line":478},"20":{"loc":{"start":{"line":479,"column":2},"end":{"line":479,"column":null}},"type":"default-arg","locations":[{"start":{"line":479,"column":14},"end":{"line":479,"column":null}}],"line":479},"21":{"loc":{"start":{"line":490,"column":16},"end":{"line":492,"column":null}},"type":"cond-expr","locations":[{"start":{"line":491,"column":8},"end":{"line":491,"column":null}},{"start":{"line":492,"column":8},"end":{"line":492,"column":null}}],"line":490},"22":{"loc":{"start":{"line":493,"column":14},"end":{"line":495,"column":null}},"type":"cond-expr","locations":[{"start":{"line":494,"column":8},"end":{"line":494,"column":null}},{"start":{"line":495,"column":8},"end":{"line":495,"column":null}}],"line":493}},"s":{"0":1,"1":0,"2":0,"3":0,"4":0,"5":0,"6":0,"7":0,"8":0,"9":0,"10":0,"11":0,"12":0,"13":0,"14":0,"15":1,"16":0,"17":0,"18":0,"19":1,"20":0,"21":0,"22":0,"23":0,"24":0,"25":0,"26":0,"27":0,"28":0,"29":0,"30":0,"31":0,"32":0,"33":0,"34":0,"35":0,"36":0,"37":0,"38":0,"39":0,"40":0,"41":0,"42":0,"43":0,"44":0,"45":1,"46":0,"47":0,"48":0,"49":0,"50":0,"51":0,"52":0,"53":0,"54":0,"55":0,"56":0,"57":0,"58":1,"59":0,"60":0,"61":0,"62":0,"63":0,"64":0,"65":0,"66":0,"67":0,"68":1,"69":0,"70":0,"71":0,"72":0,"73":0,"74":0},"f":{"0":0,"1":0,"2":0,"3":0,"4":0,"5":0,"6":0,"7":0},"b":{"0":[0],"1":[0],"2":[0],"3":[0,0,0,0,0,0],"4":[0,0],"5":[0],"6":[0],"7":[0],"8":[0],"9":[0,0],"10":[0,0,0,0,0,0,0,0,0],"11":[0],"12":[0,0],"13":[0,0],"14":[0],"15":[0],"16":[0,0],"17":[0,0],"18":[0],"19":[0],"20":[0],"21":[0,0],"22":[0,0]},"meta":{"lastBranch":23,"lastFunction":8,"lastStatement":75,"seen":{"s:26:61:78:Infinity":0,"f:26:61:26:62":0,"b:27:14:27:Infinity":0,"b:28:10:28:Infinity":1,"b:30:19:30:Infinity":2,"s:33:8:33:Infinity":1,"s:34:8:43:Infinity":2,"s:45:23:61:Infinity":3,"f:45:23:45:29":1,"s:46:10:46:Infinity":4,"b:48:6:49:Infinity:50:6:51:Infinity:52:6:53:Infinity:54:6:55:Infinity:56:6:57:Infinity:58:6:59:Infinity":3,"s:47:4:60:Infinity":5,"s:49:8:49:Infinity":6,"s:51:8:51:Infinity":7,"s:53:8:53:Infinity":8,"s:55:8:55:Infinity":9,"s:57:8:57:Infinity":10,"s:59:8:59:Infinity":11,"b:63:2:65:Infinity:undefined:undefined:undefined:undefined":4,"s:63:2:65:Infinity":12,"s:64:4:64:Infinity":13,"s:67:2:76:Infinity":14,"s:91:51:114:Infinity":15,"f:91:51:91:52":2,"b:93:19:93:Infinity":5,"s:97:8:97:Infinity":16,"s:98:8:106:Infinity":17,"s:108:2:112:Infinity":18,"s:127:63:338:Infinity":19,"f:127:63:127:64":3,"b:128:9:128:Infinity":6,"b:129:10:129:Infinity":7,"b:131:19:131:Infinity":8,"s:133:8:133:Infinity":20,"s:134:2:134:Infinity":21,"s:137:8:149:Infinity":22,"b:151:2:151:Infinity:undefined:undefined:undefined:undefined":9,"s:151:2:151:Infinity":23,"s:151:22:151:Infinity":24,"b:154:4:174:Infinity:176:4:196:Infinity:198:4:220:Infinity:222:4:243:Infinity:245:4:280:Infinity:282:4:303:Infinity:305:4:325:Infinity:327:4:327:Infinity:328:4:335:Infinity":10,"s:153:2:337:Infinity":25,"s:155:12:163:Infinity":26,"s:165:6:172:Infinity":27,"s:177:12:186:Infinity":28,"s:188:6:194:Infinity":29,"s:199:12:208:Infinity":30,"s:210:6:218:Infinity":31,"s:224:12:233:Infinity":32,"s:235:6:241:Infinity":33,"s:247:25:247:Infinity":34,"s:248:21:277:Infinity":35,"f:248:56:248:57":4,"s:249:27:249:Infinity":36,"s:250:14:262:Infinity":37,"s:264:8:275:Infinity":38,"s:279:6:279:Infinity":39,"s:284:12:292:Infinity":40,"s:294:6:301:Infinity":41,"s:306:12:315:Infinity":42,"s:317:6:323:Infinity":43,"s:329:6:335:Infinity":44,"s:352:63:403:Infinity":45,"f:352:63:352:64":5,"b:354:14:354:Infinity":11,"s:359:8:359:Infinity":46,"s:360:14:360:Infinity":47,"s:363:8:367:Infinity":48,"s:370:21:370:Infinity":49,"b:371:2:377:Infinity:undefined:undefined:undefined:undefined":12,"s:371:2:377:Infinity":50,"b:371:6:371:33:371:33:371:53":13,"s:372:4:376:Infinity":51,"s:379:18:384:Infinity":52,"s:386:17:386:Infinity":53,"s:387:8:388:Infinity":54,"s:389:8:390:Infinity":55,"s:391:18:391:Infinity":56,"s:393:2:401:Infinity":57,"s:418:63:460:Infinity":58,"f:418:63:418:64":6,"b:423:14:423:Infinity":14,"b:424:12:424:Infinity":15,"s:426:8:426:Infinity":59,"s:427:14:427:Infinity":60,"s:430:8:434:Infinity":61,"s:437:21:437:Infinity":62,"b:438:2:444:Infinity:undefined:undefined:undefined:undefined":16,"s:438:2:444:Infinity":63,"b:438:6:438:33:438:33:438:53":17,"s:439:4:443:Infinity":64,"s:446:8:447:Infinity":65,"s:448:18:448:Infinity":66,"s:450:2:458:Infinity":67,"s:474:65:514:Infinity":68,"f:474:65:474:66":7,"b:476:9:476:Infinity":18,"b:478:19:478:Infinity":19,"b:479:14:479:Infinity":20,"s:481:8:481:Infinity":69,"s:482:24:482:Infinity":70,"s:484:8:487:Infinity":71,"s:489:20:498:Infinity":72,"b:491:8:491:Infinity:492:8:492:Infinity":21,"b:494:8:494:Infinity:495:8:495:Infinity":22,"s:500:8:502:Infinity":73,"s:504:2:512:Infinity":74}}}
}
